Tue Jan  3 16:19:27 CST 2017 Starting master on Arthurs-MacBook-Pro.local
core file size          (blocks, -c) 0
data seg size           (kbytes, -d) unlimited
file size               (blocks, -f) unlimited
max locked memory       (kbytes, -l) unlimited
max memory size         (kbytes, -m) unlimited
open files                      (-n) 4864
pipe size            (512 bytes, -p) 1
stack size              (kbytes, -s) 8192
cpu time               (seconds, -t) unlimited
max user processes              (-u) 709
virtual memory          (kbytes, -v) unlimited
Tue Jan  3 16:24:22 CST 2017 Starting master on Arthurs-MacBook-Pro.local
core file size          (blocks, -c) 0
data seg size           (kbytes, -d) unlimited
file size               (blocks, -f) unlimited
max locked memory       (kbytes, -l) unlimited
max memory size         (kbytes, -m) unlimited
open files                      (-n) 4864
pipe size            (512 bytes, -p) 1
stack size              (kbytes, -s) 8192
cpu time               (seconds, -t) unlimited
max user processes              (-u) 709
virtual memory          (kbytes, -v) unlimited
Tue Jan  3 16:27:15 CST 2017 Starting master on Arthurs-MacBook-Pro.local
core file size          (blocks, -c) 0
data seg size           (kbytes, -d) unlimited
file size               (blocks, -f) unlimited
max locked memory       (kbytes, -l) unlimited
max memory size         (kbytes, -m) unlimited
open files                      (-n) 4864
pipe size            (512 bytes, -p) 1
stack size              (kbytes, -s) 8192
cpu time               (seconds, -t) unlimited
max user processes              (-u) 709
virtual memory          (kbytes, -v) unlimited
Tue Jan  3 16:38:11 CST 2017 Starting master on Arthurs-MacBook-Pro.local
core file size          (blocks, -c) 0
data seg size           (kbytes, -d) unlimited
file size               (blocks, -f) unlimited
max locked memory       (kbytes, -l) unlimited
max memory size         (kbytes, -m) unlimited
open files                      (-n) 4864
pipe size            (512 bytes, -p) 1
stack size              (kbytes, -s) 8192
cpu time               (seconds, -t) unlimited
max user processes              (-u) 709
virtual memory          (kbytes, -v) unlimited
Tue Jan  3 17:07:52 CST 2017 Starting master on Arthurs-MacBook-Pro.local
core file size          (blocks, -c) 0
data seg size           (kbytes, -d) unlimited
file size               (blocks, -f) unlimited
max locked memory       (kbytes, -l) unlimited
max memory size         (kbytes, -m) unlimited
open files                      (-n) 4864
pipe size            (512 bytes, -p) 1
stack size              (kbytes, -s) 8192
cpu time               (seconds, -t) unlimited
max user processes              (-u) 709
virtual memory          (kbytes, -v) unlimited
Tue Jan  3 17:28:21 CST 2017 Starting master on Arthurs-MacBook-Pro.local
core file size          (blocks, -c) 0
data seg size           (kbytes, -d) unlimited
file size               (blocks, -f) unlimited
max locked memory       (kbytes, -l) unlimited
max memory size         (kbytes, -m) unlimited
open files                      (-n) 4864
pipe size            (512 bytes, -p) 1
stack size              (kbytes, -s) 8192
cpu time               (seconds, -t) unlimited
max user processes              (-u) 709
virtual memory          (kbytes, -v) unlimited
Tue Jan  3 17:44:04 CST 2017 Starting master on Arthurs-MacBook-Pro.local
core file size          (blocks, -c) 0
data seg size           (kbytes, -d) unlimited
file size               (blocks, -f) unlimited
max locked memory       (kbytes, -l) unlimited
max memory size         (kbytes, -m) unlimited
open files                      (-n) 4864
pipe size            (512 bytes, -p) 1
stack size              (kbytes, -s) 8192
cpu time               (seconds, -t) unlimited
max user processes              (-u) 709
virtual memory          (kbytes, -v) unlimited
Tue Jan  3 17:49:03 CST 2017 Starting master on Arthurs-MacBook-Pro.local
core file size          (blocks, -c) 0
data seg size           (kbytes, -d) unlimited
file size               (blocks, -f) unlimited
max locked memory       (kbytes, -l) unlimited
max memory size         (kbytes, -m) unlimited
open files                      (-n) 4864
pipe size            (512 bytes, -p) 1
stack size              (kbytes, -s) 8192
cpu time               (seconds, -t) unlimited
max user processes              (-u) 709
virtual memory          (kbytes, -v) unlimited
Tue Jan  3 17:50:02 CST 2017 Starting master on Arthurs-MacBook-Pro.local
core file size          (blocks, -c) 0
data seg size           (kbytes, -d) unlimited
file size               (blocks, -f) unlimited
max locked memory       (kbytes, -l) unlimited
max memory size         (kbytes, -m) unlimited
open files                      (-n) 4864
pipe size            (512 bytes, -p) 1
stack size              (kbytes, -s) 8192
cpu time               (seconds, -t) unlimited
max user processes              (-u) 709
virtual memory          (kbytes, -v) unlimited
2017-01-03 17:50:03,095 INFO  [main] util.VersionInfo: HBase 0.98.8-hadoop2
2017-01-03 17:50:03,097 INFO  [main] util.VersionInfo: Subversion git://acer/usr/src/hbase -r 6cfc8d064754251365e070a10a82eb169956d5fe
2017-01-03 17:50:03,097 INFO  [main] util.VersionInfo: Compiled by apurtell on Fri Nov 14 18:26:29 PST 2014
2017-01-03 17:50:08,442 INFO  [main] server.ZooKeeperServer: Server environment:zookeeper.version=3.4.6-1569965, built on 02/20/2014 09:09 GMT
2017-01-03 17:50:08,442 INFO  [main] server.ZooKeeperServer: Server environment:host.name=192.168.0.103
2017-01-03 17:50:08,442 INFO  [main] server.ZooKeeperServer: Server environment:java.version=1.8.0_112
2017-01-03 17:50:08,442 INFO  [main] server.ZooKeeperServer: Server environment:java.vendor=Oracle Corporation
2017-01-03 17:50:08,442 INFO  [main] server.ZooKeeperServer: Server environment:java.home=/Library/Java/JavaVirtualMachines/jdk1.8.0_112.jdk/Contents/Home/jre
2017-01-03 17:50:08,442 INFO  [main] server.ZooKeeperServer: Server environment:java.class.path=/Library/hbase-0.98.8-hadoop2/bin/../conf:/Library/Java/JavaVirtualMachines/jdk1.8.0_112.jdk/Contents/Home/lib/tools.jar:/Library/hbase-0.98.8-hadoop2/bin/..:/Library/hbase-0.98.8-hadoop2/bin/../lib/activation-1.1.jar:/Library/hbase-0.98.8-hadoop2/bin/../lib/aopalliance-1.0.jar:/Library/hbase-0.98.8-hadoop2/bin/../lib/asm-3.1.jar:/Library/hbase-0.98.8-hadoop2/bin/../lib/avro-1.7.4.jar:/Library/hbase-0.98.8-hadoop2/bin/../lib/commons-beanutils-1.7.0.jar:/Library/hbase-0.98.8-hadoop2/bin/../lib/commons-beanutils-core-1.8.0.jar:/Library/hbase-0.98.8-hadoop2/bin/../lib/commons-cli-1.2.jar:/Library/hbase-0.98.8-hadoop2/bin/../lib/commons-codec-1.7.jar:/Library/hbase-0.98.8-hadoop2/bin/../lib/commons-collections-3.2.1.jar:/Library/hbase-0.98.8-hadoop2/bin/../lib/commons-compress-1.4.1.jar:/Library/hbase-0.98.8-hadoop2/bin/../lib/commons-configuration-1.6.jar:/Library/hbase-0.98.8-hadoop2/bin/../lib/commons-daemon-1.0.13.jar:/Library/hbase-0.98.8-hadoop2/bin/../lib/commons-digester-1.8.jar:/Library/hbase-0.98.8-hadoop2/bin/../lib/commons-el-1.0.jar:/Library/hbase-0.98.8-hadoop2/bin/../lib/commons-httpclient-3.1.jar:/Library/hbase-0.98.8-hadoop2/bin/../lib/commons-io-2.4.jar:/Library/hbase-0.98.8-hadoop2/bin/../lib/commons-lang-2.6.jar:/Library/hbase-0.98.8-hadoop2/bin/../lib/commons-logging-1.1.1.jar:/Library/hbase-0.98.8-hadoop2/bin/../lib/commons-math-2.1.jar:/Library/hbase-0.98.8-hadoop2/bin/../lib/commons-net-3.1.jar:/Library/hbase-0.98.8-hadoop2/bin/../lib/findbugs-annotations-1.3.9-1.jar:/Library/hbase-0.98.8-hadoop2/bin/../lib/gmbal-api-only-3.0.0-b023.jar:/Library/hbase-0.98.8-hadoop2/bin/../lib/grizzly-framework-2.1.2.jar:/Library/hbase-0.98.8-hadoop2/bin/../lib/grizzly-http-2.1.2.jar:/Library/hbase-0.98.8-hadoop2/bin/../lib/grizzly-http-server-2.1.2.jar:/Library/hbase-0.98.8-hadoop2/bin/../lib/grizzly-http-servlet-2.1.2.jar:/Library/hbase-0.98.8-hadoop2/bin/../lib/grizzly-rcm-2.1.2.jar:/Library/hbase-0.98.8-hadoop2/bin/../lib/guava-12.0.1.jar:/Library/hbase-0.98.8-hadoop2/bin/../lib/guice-3.0.jar:/Library/hbase-0.98.8-hadoop2/bin/../lib/guice-servlet-3.0.jar:/Library/hbase-0.98.8-hadoop2/bin/../lib/hadoop-annotations-2.2.0.jar:/Library/hbase-0.98.8-hadoop2/bin/../lib/hadoop-auth-2.2.0.jar:/Library/hbase-0.98.8-hadoop2/bin/../lib/hadoop-client-2.2.0.jar:/Library/hbase-0.98.8-hadoop2/bin/../lib/hadoop-common-2.2.0.jar:/Library/hbase-0.98.8-hadoop2/bin/../lib/hadoop-hdfs-2.2.0.jar:/Library/hbase-0.98.8-hadoop2/bin/../lib/hadoop-mapreduce-client-app-2.2.0.jar:/Library/hbase-0.98.8-hadoop2/bin/../lib/hadoop-mapreduce-client-common-2.2.0.jar:/Library/hbase-0.98.8-hadoop2/bin/../lib/hadoop-mapreduce-client-core-2.2.0.jar:/Library/hbase-0.98.8-hadoop2/bin/../lib/hadoop-mapreduce-client-jobclient-2.2.0.jar:/Library/hbase-0.98.8-hadoop2/bin/../lib/hadoop-mapreduce-client-shuffle-2.2.0.jar:/Library/hbase-0.98.8-hadoop2/bin/../lib/hadoop-yarn-api-2.2.0.jar:/Library/hbase-0.98.8-hadoop2/bin/../lib/hadoop-yarn-client-2.2.0.jar:/Library/hbase-0.98.8-hadoop2/bin/../lib/hadoop-yarn-common-2.2.0.jar:/Library/hbase-0.98.8-hadoop2/bin/../lib/hadoop-yarn-server-common-2.2.0.jar:/Library/hbase-0.98.8-hadoop2/bin/../lib/hadoop-yarn-server-nodemanager-2.2.0.jar:/Library/hbase-0.98.8-hadoop2/bin/../lib/hamcrest-core-1.3.jar:/Library/hbase-0.98.8-hadoop2/bin/../lib/hbase-annotations-0.98.8-hadoop2.jar:/Library/hbase-0.98.8-hadoop2/bin/../lib/hbase-checkstyle-0.98.8-hadoop2.jar:/Library/hbase-0.98.8-hadoop2/bin/../lib/hbase-client-0.98.8-hadoop2.jar:/Library/hbase-0.98.8-hadoop2/bin/../lib/hbase-common-0.98.8-hadoop2-tests.jar:/Library/hbase-0.98.8-hadoop2/bin/../lib/hbase-common-0.98.8-hadoop2.jar:/Library/hbase-0.98.8-hadoop2/bin/../lib/hbase-examples-0.98.8-hadoop2.jar:/Library/hbase-0.98.8-hadoop2/bin/../lib/hbase-hadoop-compat-0.98.8-hadoop2.jar:/Library/hbase-0.98.8-hadoop2/bin/../lib/hbase-hadoop2-compat-0.98.8-hadoop2.jar:/Library/hbase-0.98.8-hadoop2/bin/../lib/hbase-it-0.98.8-hadoop2-tests.jar:/Library/hbase-0.98.8-hadoop2/bin/../lib/hbase-it-0.98.8-hadoop2.jar:/Library/hbase-0.98.8-hadoop2/bin/../lib/hbase-prefix-tree-0.98.8-hadoop2.jar:/Library/hbase-0.98.8-hadoop2/bin/../lib/hbase-protocol-0.98.8-hadoop2.jar:/Library/hbase-0.98.8-hadoop2/bin/../lib/hbase-rest-0.98.8-hadoop2.jar:/Library/hbase-0.98.8-hadoop2/bin/../lib/hbase-server-0.98.8-hadoop2-tests.jar:/Library/hbase-0.98.8-hadoop2/bin/../lib/hbase-server-0.98.8-hadoop2.jar:/Library/hbase-0.98.8-hadoop2/bin/../lib/hbase-shell-0.98.8-hadoop2.jar:/Library/hbase-0.98.8-hadoop2/bin/../lib/hbase-testing-util-0.98.8-hadoop2.jar:/Library/hbase-0.98.8-hadoop2/bin/../lib/hbase-thrift-0.98.8-hadoop2.jar:/Library/hbase-0.98.8-hadoop2/bin/../lib/high-scale-lib-1.1.1.jar:/Library/hbase-0.98.8-hadoop2/bin/../lib/htrace-core-2.04.jar:/Library/hbase-0.98.8-hadoop2/bin/../lib/httpclient-4.1.3.jar:/Library/hbase-0.98.8-hadoop2/bin/../lib/httpcore-4.1.3.jar:/Library/hbase-0.98.8-hadoop2/bin/../lib/jackson-core-asl-1.8.8.jar:/Library/hbase-0.98.8-hadoop2/bin/../lib/jackson-jaxrs-1.8.8.jar:/Library/hbase-0.98.8-hadoop2/bin/../lib/jackson-mapper-asl-1.8.8.jar:/Library/hbase-0.98.8-hadoop2/bin/../lib/jackson-xc-1.8.8.jar:/Library/hbase-0.98.8-hadoop2/bin/../lib/jamon-runtime-2.3.1.jar:/Library/hbase-0.98.8-hadoop2/bin/../lib/jasper-compiler-5.5.23.jar:/Library/hbase-0.98.8-hadoop2/bin/../lib/jasper-runtime-5.5.23.jar:/Library/hbase-0.98.8-hadoop2/bin/../lib/javax.inject-1.jar:/Library/hbase-0.98.8-hadoop2/bin/../lib/javax.servlet-3.1.jar:/Library/hbase-0.98.8-hadoop2/bin/../lib/javax.servlet-api-3.0.1.jar:/Library/hbase-0.98.8-hadoop2/bin/../lib/jaxb-api-2.2.2.jar:/Library/hbase-0.98.8-hadoop2/bin/../lib/jaxb-impl-2.2.3-1.jar:/Library/hbase-0.98.8-hadoop2/bin/../lib/jcodings-1.0.8.jar:/Library/hbase-0.98.8-hadoop2/bin/../lib/jersey-client-1.9.jar:/Library/hbase-0.98.8-hadoop2/bin/../lib/jersey-core-1.8.jar:/Library/hbase-0.98.8-hadoop2/bin/../lib/jersey-grizzly2-1.9.jar:/Library/hbase-0.98.8-hadoop2/bin/../lib/jersey-guice-1.9.jar:/Library/hbase-0.98.8-hadoop2/bin/../lib/jersey-json-1.8.jar:/Library/hbase-0.98.8-hadoop2/bin/../lib/jersey-server-1.8.jar:/Library/hbase-0.98.8-hadoop2/bin/../lib/jersey-test-framework-core-1.9.jar:/Library/hbase-0.98.8-hadoop2/bin/../lib/jersey-test-framework-grizzly2-1.9.jar:/Library/hbase-0.98.8-hadoop2/bin/../lib/jets3t-0.6.1.jar:/Library/hbase-0.98.8-hadoop2/bin/../lib/jettison-1.3.1.jar:/Library/hbase-0.98.8-hadoop2/bin/../lib/jetty-6.1.26.jar:/Library/hbase-0.98.8-hadoop2/bin/../lib/jetty-sslengine-6.1.26.jar:/Library/hbase-0.98.8-hadoop2/bin/../lib/jetty-util-6.1.26.jar:/Library/hbase-0.98.8-hadoop2/bin/../lib/joni-2.1.2.jar:/Library/hbase-0.98.8-hadoop2/bin/../lib/jruby-complete-1.6.8.jar:/Library/hbase-0.98.8-hadoop2/bin/../lib/jsch-0.1.42.jar:/Library/hbase-0.98.8-hadoop2/bin/../lib/jsp-2.1-6.1.14.jar:/Library/hbase-0.98.8-hadoop2/bin/../lib/jsp-api-2.1-6.1.14.jar:/Library/hbase-0.98.8-hadoop2/bin/../lib/jsr305-1.3.9.jar:/Library/hbase-0.98.8-hadoop2/bin/../lib/junit-4.11.jar:/Library/hbase-0.98.8-hadoop2/bin/../lib/libthrift-0.9.0.jar:/Library/hbase-0.98.8-hadoop2/bin/../lib/log4j-1.2.17.jar:/Library/hbase-0.98.8-hadoop2/bin/../lib/management-api-3.0.0-b012.jar:/Library/hbase-0.98.8-hadoop2/bin/../lib/metrics-core-2.2.0.jar:/Library/hbase-0.98.8-hadoop2/bin/../lib/netty-3.6.6.Final.jar:/Library/hbase-0.98.8-hadoop2/bin/../lib/paranamer-2.3.jar:/Library/hbase-0.98.8-hadoop2/bin/../lib/protobuf-java-2.5.0.jar:/Library/hbase-0.98.8-hadoop2/bin/../lib/servlet-api-2.5-6.1.14.jar:/Library/hbase-0.98.8-hadoop2/bin/../lib/slf4j-api-1.6.4.jar:/Library/hbase-0.98.8-hadoop2/bin/../lib/slf4j-log4j12-1.6.4.jar:/Library/hbase-0.98.8-hadoop2/bin/../lib/snappy-java-1.0.4.1.jar:/Library/hbase-0.98.8-hadoop2/bin/../lib/xmlenc-0.52.jar:/Library/hbase-0.98.8-hadoop2/bin/../lib/xz-1.0.jar:/Library/hbase-0.98.8-hadoop2/bin/../lib/zookeeper-3.4.6.jar:
2017-01-03 17:50:08,443 INFO  [main] server.ZooKeeperServer: Server environment:java.library.path=/Users/arthur/Library/Java/Extensions:/Library/Java/Extensions:/Network/Library/Java/Extensions:/System/Library/Java/Extensions:/usr/lib/java:.
2017-01-03 17:50:08,443 INFO  [main] server.ZooKeeperServer: Server environment:java.io.tmpdir=/var/folders/y4/9fb3ng_s3cg4j1z6nxfhpw7m0000gn/T/
2017-01-03 17:50:08,443 INFO  [main] server.ZooKeeperServer: Server environment:java.compiler=<NA>
2017-01-03 17:50:08,443 INFO  [main] server.ZooKeeperServer: Server environment:os.name=Mac OS X
2017-01-03 17:50:08,443 INFO  [main] server.ZooKeeperServer: Server environment:os.arch=x86_64
2017-01-03 17:50:08,443 INFO  [main] server.ZooKeeperServer: Server environment:os.version=10.12.2
2017-01-03 17:50:08,443 INFO  [main] server.ZooKeeperServer: Server environment:user.name=Arthur
2017-01-03 17:50:08,443 INFO  [main] server.ZooKeeperServer: Server environment:user.home=/Users/arthur
2017-01-03 17:50:08,443 INFO  [main] server.ZooKeeperServer: Server environment:user.dir=/
2017-01-03 17:50:08,623 ERROR [main] master.HMasterCommandLine: Master exiting
java.io.IOException: Unable to create data directory /home/testuser/zookeeper/zookeeper_0/version-2
	at org.apache.zookeeper.server.persistence.FileTxnSnapLog.<init>(FileTxnSnapLog.java:85)
	at org.apache.zookeeper.server.ZooKeeperServer.<init>(ZooKeeperServer.java:213)
	at org.apache.hadoop.hbase.zookeeper.MiniZooKeeperCluster.startup(MiniZooKeeperCluster.java:162)
	at org.apache.hadoop.hbase.zookeeper.MiniZooKeeperCluster.startup(MiniZooKeeperCluster.java:131)
	at org.apache.hadoop.hbase.master.HMasterCommandLine.startMaster(HMasterCommandLine.java:165)
	at org.apache.hadoop.hbase.master.HMasterCommandLine.run(HMasterCommandLine.java:135)
	at org.apache.hadoop.util.ToolRunner.run(ToolRunner.java:70)
	at org.apache.hadoop.hbase.util.ServerCommandLine.doMain(ServerCommandLine.java:126)
	at org.apache.hadoop.hbase.master.HMaster.main(HMaster.java:2803)
Tue Jan  3 17:55:16 CST 2017 Starting master on Arthurs-MacBook-Pro.local
core file size          (blocks, -c) 0
data seg size           (kbytes, -d) unlimited
file size               (blocks, -f) unlimited
max locked memory       (kbytes, -l) unlimited
max memory size         (kbytes, -m) unlimited
open files                      (-n) 4864
pipe size            (512 bytes, -p) 1
stack size              (kbytes, -s) 8192
cpu time               (seconds, -t) unlimited
max user processes              (-u) 709
virtual memory          (kbytes, -v) unlimited
Tue Jan  3 17:56:31 CST 2017 Starting master on Arthurs-MacBook-Pro.local
core file size          (blocks, -c) 0
data seg size           (kbytes, -d) unlimited
file size               (blocks, -f) unlimited
max locked memory       (kbytes, -l) unlimited
max memory size         (kbytes, -m) unlimited
open files                      (-n) 4864
pipe size            (512 bytes, -p) 1
stack size              (kbytes, -s) 8192
cpu time               (seconds, -t) unlimited
max user processes              (-u) 709
virtual memory          (kbytes, -v) unlimited
2017-01-03 17:56:31,353 INFO  [main] util.VersionInfo: HBase 0.98.8-hadoop2
2017-01-03 17:56:31,354 INFO  [main] util.VersionInfo: Subversion git://acer/usr/src/hbase -r 6cfc8d064754251365e070a10a82eb169956d5fe
2017-01-03 17:56:31,354 INFO  [main] util.VersionInfo: Compiled by apurtell on Fri Nov 14 18:26:29 PST 2014
2017-01-03 17:56:31,694 INFO  [main] server.ZooKeeperServer: Server environment:zookeeper.version=3.4.6-1569965, built on 02/20/2014 09:09 GMT
2017-01-03 17:56:31,694 INFO  [main] server.ZooKeeperServer: Server environment:host.name=192.168.0.103
2017-01-03 17:56:31,695 INFO  [main] server.ZooKeeperServer: Server environment:java.version=1.6.0_65
2017-01-03 17:56:31,695 INFO  [main] server.ZooKeeperServer: Server environment:java.vendor=Apple Inc.
2017-01-03 17:56:31,695 INFO  [main] server.ZooKeeperServer: Server environment:java.home=/Library/Java/JavaVirtualMachines/1.6.0.jdk/Contents/Home
2017-01-03 17:56:31,695 INFO  [main] server.ZooKeeperServer: Server environment:java.class.path=/Library/hbase-0.98.8-hadoop2/bin/../conf:/Library/Java/JavaVirtualMachines/1.6.0.jdk/Contents/Home/lib/tools.jar:/Library/hbase-0.98.8-hadoop2/bin/..:/Library/hbase-0.98.8-hadoop2/bin/../lib/activation-1.1.jar:/Library/hbase-0.98.8-hadoop2/bin/../lib/aopalliance-1.0.jar:/Library/hbase-0.98.8-hadoop2/bin/../lib/asm-3.1.jar:/Library/hbase-0.98.8-hadoop2/bin/../lib/avro-1.7.4.jar:/Library/hbase-0.98.8-hadoop2/bin/../lib/commons-beanutils-1.7.0.jar:/Library/hbase-0.98.8-hadoop2/bin/../lib/commons-beanutils-core-1.8.0.jar:/Library/hbase-0.98.8-hadoop2/bin/../lib/commons-cli-1.2.jar:/Library/hbase-0.98.8-hadoop2/bin/../lib/commons-codec-1.7.jar:/Library/hbase-0.98.8-hadoop2/bin/../lib/commons-collections-3.2.1.jar:/Library/hbase-0.98.8-hadoop2/bin/../lib/commons-compress-1.4.1.jar:/Library/hbase-0.98.8-hadoop2/bin/../lib/commons-configuration-1.6.jar:/Library/hbase-0.98.8-hadoop2/bin/../lib/commons-daemon-1.0.13.jar:/Library/hbase-0.98.8-hadoop2/bin/../lib/commons-digester-1.8.jar:/Library/hbase-0.98.8-hadoop2/bin/../lib/commons-el-1.0.jar:/Library/hbase-0.98.8-hadoop2/bin/../lib/commons-httpclient-3.1.jar:/Library/hbase-0.98.8-hadoop2/bin/../lib/commons-io-2.4.jar:/Library/hbase-0.98.8-hadoop2/bin/../lib/commons-lang-2.6.jar:/Library/hbase-0.98.8-hadoop2/bin/../lib/commons-logging-1.1.1.jar:/Library/hbase-0.98.8-hadoop2/bin/../lib/commons-math-2.1.jar:/Library/hbase-0.98.8-hadoop2/bin/../lib/commons-net-3.1.jar:/Library/hbase-0.98.8-hadoop2/bin/../lib/findbugs-annotations-1.3.9-1.jar:/Library/hbase-0.98.8-hadoop2/bin/../lib/gmbal-api-only-3.0.0-b023.jar:/Library/hbase-0.98.8-hadoop2/bin/../lib/grizzly-framework-2.1.2.jar:/Library/hbase-0.98.8-hadoop2/bin/../lib/grizzly-http-2.1.2.jar:/Library/hbase-0.98.8-hadoop2/bin/../lib/grizzly-http-server-2.1.2.jar:/Library/hbase-0.98.8-hadoop2/bin/../lib/grizzly-http-servlet-2.1.2.jar:/Library/hbase-0.98.8-hadoop2/bin/../lib/grizzly-rcm-2.1.2.jar:/Library/hbase-0.98.8-hadoop2/bin/../lib/guava-12.0.1.jar:/Library/hbase-0.98.8-hadoop2/bin/../lib/guice-3.0.jar:/Library/hbase-0.98.8-hadoop2/bin/../lib/guice-servlet-3.0.jar:/Library/hbase-0.98.8-hadoop2/bin/../lib/hadoop-annotations-2.2.0.jar:/Library/hbase-0.98.8-hadoop2/bin/../lib/hadoop-auth-2.2.0.jar:/Library/hbase-0.98.8-hadoop2/bin/../lib/hadoop-client-2.2.0.jar:/Library/hbase-0.98.8-hadoop2/bin/../lib/hadoop-common-2.2.0.jar:/Library/hbase-0.98.8-hadoop2/bin/../lib/hadoop-hdfs-2.2.0.jar:/Library/hbase-0.98.8-hadoop2/bin/../lib/hadoop-mapreduce-client-app-2.2.0.jar:/Library/hbase-0.98.8-hadoop2/bin/../lib/hadoop-mapreduce-client-common-2.2.0.jar:/Library/hbase-0.98.8-hadoop2/bin/../lib/hadoop-mapreduce-client-core-2.2.0.jar:/Library/hbase-0.98.8-hadoop2/bin/../lib/hadoop-mapreduce-client-jobclient-2.2.0.jar:/Library/hbase-0.98.8-hadoop2/bin/../lib/hadoop-mapreduce-client-shuffle-2.2.0.jar:/Library/hbase-0.98.8-hadoop2/bin/../lib/hadoop-yarn-api-2.2.0.jar:/Library/hbase-0.98.8-hadoop2/bin/../lib/hadoop-yarn-client-2.2.0.jar:/Library/hbase-0.98.8-hadoop2/bin/../lib/hadoop-yarn-common-2.2.0.jar:/Library/hbase-0.98.8-hadoop2/bin/../lib/hadoop-yarn-server-common-2.2.0.jar:/Library/hbase-0.98.8-hadoop2/bin/../lib/hadoop-yarn-server-nodemanager-2.2.0.jar:/Library/hbase-0.98.8-hadoop2/bin/../lib/hamcrest-core-1.3.jar:/Library/hbase-0.98.8-hadoop2/bin/../lib/hbase-annotations-0.98.8-hadoop2.jar:/Library/hbase-0.98.8-hadoop2/bin/../lib/hbase-checkstyle-0.98.8-hadoop2.jar:/Library/hbase-0.98.8-hadoop2/bin/../lib/hbase-client-0.98.8-hadoop2.jar:/Library/hbase-0.98.8-hadoop2/bin/../lib/hbase-common-0.98.8-hadoop2-tests.jar:/Library/hbase-0.98.8-hadoop2/bin/../lib/hbase-common-0.98.8-hadoop2.jar:/Library/hbase-0.98.8-hadoop2/bin/../lib/hbase-examples-0.98.8-hadoop2.jar:/Library/hbase-0.98.8-hadoop2/bin/../lib/hbase-hadoop-compat-0.98.8-hadoop2.jar:/Library/hbase-0.98.8-hadoop2/bin/../lib/hbase-hadoop2-compat-0.98.8-hadoop2.jar:/Library/hbase-0.98.8-hadoop2/bin/../lib/hbase-it-0.98.8-hadoop2-tests.jar:/Library/hbase-0.98.8-hadoop2/bin/../lib/hbase-it-0.98.8-hadoop2.jar:/Library/hbase-0.98.8-hadoop2/bin/../lib/hbase-prefix-tree-0.98.8-hadoop2.jar:/Library/hbase-0.98.8-hadoop2/bin/../lib/hbase-protocol-0.98.8-hadoop2.jar:/Library/hbase-0.98.8-hadoop2/bin/../lib/hbase-rest-0.98.8-hadoop2.jar:/Library/hbase-0.98.8-hadoop2/bin/../lib/hbase-server-0.98.8-hadoop2-tests.jar:/Library/hbase-0.98.8-hadoop2/bin/../lib/hbase-server-0.98.8-hadoop2.jar:/Library/hbase-0.98.8-hadoop2/bin/../lib/hbase-shell-0.98.8-hadoop2.jar:/Library/hbase-0.98.8-hadoop2/bin/../lib/hbase-testing-util-0.98.8-hadoop2.jar:/Library/hbase-0.98.8-hadoop2/bin/../lib/hbase-thrift-0.98.8-hadoop2.jar:/Library/hbase-0.98.8-hadoop2/bin/../lib/high-scale-lib-1.1.1.jar:/Library/hbase-0.98.8-hadoop2/bin/../lib/htrace-core-2.04.jar:/Library/hbase-0.98.8-hadoop2/bin/../lib/httpclient-4.1.3.jar:/Library/hbase-0.98.8-hadoop2/bin/../lib/httpcore-4.1.3.jar:/Library/hbase-0.98.8-hadoop2/bin/../lib/jackson-core-asl-1.8.8.jar:/Library/hbase-0.98.8-hadoop2/bin/../lib/jackson-jaxrs-1.8.8.jar:/Library/hbase-0.98.8-hadoop2/bin/../lib/jackson-mapper-asl-1.8.8.jar:/Library/hbase-0.98.8-hadoop2/bin/../lib/jackson-xc-1.8.8.jar:/Library/hbase-0.98.8-hadoop2/bin/../lib/jamon-runtime-2.3.1.jar:/Library/hbase-0.98.8-hadoop2/bin/../lib/jasper-compiler-5.5.23.jar:/Library/hbase-0.98.8-hadoop2/bin/../lib/jasper-runtime-5.5.23.jar:/Library/hbase-0.98.8-hadoop2/bin/../lib/javax.inject-1.jar:/Library/hbase-0.98.8-hadoop2/bin/../lib/javax.servlet-3.1.jar:/Library/hbase-0.98.8-hadoop2/bin/../lib/javax.servlet-api-3.0.1.jar:/Library/hbase-0.98.8-hadoop2/bin/../lib/jaxb-api-2.2.2.jar:/Library/hbase-0.98.8-hadoop2/bin/../lib/jaxb-impl-2.2.3-1.jar:/Library/hbase-0.98.8-hadoop2/bin/../lib/jcodings-1.0.8.jar:/Library/hbase-0.98.8-hadoop2/bin/../lib/jersey-client-1.9.jar:/Library/hbase-0.98.8-hadoop2/bin/../lib/jersey-core-1.8.jar:/Library/hbase-0.98.8-hadoop2/bin/../lib/jersey-grizzly2-1.9.jar:/Library/hbase-0.98.8-hadoop2/bin/../lib/jersey-guice-1.9.jar:/Library/hbase-0.98.8-hadoop2/bin/../lib/jersey-json-1.8.jar:/Library/hbase-0.98.8-hadoop2/bin/../lib/jersey-server-1.8.jar:/Library/hbase-0.98.8-hadoop2/bin/../lib/jersey-test-framework-core-1.9.jar:/Library/hbase-0.98.8-hadoop2/bin/../lib/jersey-test-framework-grizzly2-1.9.jar:/Library/hbase-0.98.8-hadoop2/bin/../lib/jets3t-0.6.1.jar:/Library/hbase-0.98.8-hadoop2/bin/../lib/jettison-1.3.1.jar:/Library/hbase-0.98.8-hadoop2/bin/../lib/jetty-6.1.26.jar:/Library/hbase-0.98.8-hadoop2/bin/../lib/jetty-sslengine-6.1.26.jar:/Library/hbase-0.98.8-hadoop2/bin/../lib/jetty-util-6.1.26.jar:/Library/hbase-0.98.8-hadoop2/bin/../lib/joni-2.1.2.jar:/Library/hbase-0.98.8-hadoop2/bin/../lib/jruby-complete-1.6.8.jar:/Library/hbase-0.98.8-hadoop2/bin/../lib/jsch-0.1.42.jar:/Library/hbase-0.98.8-hadoop2/bin/../lib/jsp-2.1-6.1.14.jar:/Library/hbase-0.98.8-hadoop2/bin/../lib/jsp-api-2.1-6.1.14.jar:/Library/hbase-0.98.8-hadoop2/bin/../lib/jsr305-1.3.9.jar:/Library/hbase-0.98.8-hadoop2/bin/../lib/junit-4.11.jar:/Library/hbase-0.98.8-hadoop2/bin/../lib/libthrift-0.9.0.jar:/Library/hbase-0.98.8-hadoop2/bin/../lib/log4j-1.2.17.jar:/Library/hbase-0.98.8-hadoop2/bin/../lib/management-api-3.0.0-b012.jar:/Library/hbase-0.98.8-hadoop2/bin/../lib/metrics-core-2.2.0.jar:/Library/hbase-0.98.8-hadoop2/bin/../lib/netty-3.6.6.Final.jar:/Library/hbase-0.98.8-hadoop2/bin/../lib/paranamer-2.3.jar:/Library/hbase-0.98.8-hadoop2/bin/../lib/protobuf-java-2.5.0.jar:/Library/hbase-0.98.8-hadoop2/bin/../lib/servlet-api-2.5-6.1.14.jar:/Library/hbase-0.98.8-hadoop2/bin/../lib/slf4j-api-1.6.4.jar:/Library/hbase-0.98.8-hadoop2/bin/../lib/slf4j-log4j12-1.6.4.jar:/Library/hbase-0.98.8-hadoop2/bin/../lib/snappy-java-1.0.4.1.jar:/Library/hbase-0.98.8-hadoop2/bin/../lib/xmlenc-0.52.jar:/Library/hbase-0.98.8-hadoop2/bin/../lib/xz-1.0.jar:/Library/hbase-0.98.8-hadoop2/bin/../lib/zookeeper-3.4.6.jar:
2017-01-03 17:56:31,696 INFO  [main] server.ZooKeeperServer: Server environment:java.library.path=.:/Library/Java/Extensions:/System/Library/Java/Extensions:/usr/lib/java
2017-01-03 17:56:31,696 INFO  [main] server.ZooKeeperServer: Server environment:java.io.tmpdir=/var/folders/y4/9fb3ng_s3cg4j1z6nxfhpw7m0000gn/T/
2017-01-03 17:56:31,696 INFO  [main] server.ZooKeeperServer: Server environment:java.compiler=<NA>
2017-01-03 17:56:31,696 INFO  [main] server.ZooKeeperServer: Server environment:os.name=Mac OS X
2017-01-03 17:56:31,696 INFO  [main] server.ZooKeeperServer: Server environment:os.arch=x86_64
2017-01-03 17:56:31,696 INFO  [main] server.ZooKeeperServer: Server environment:os.version=10.12.2
2017-01-03 17:56:31,696 INFO  [main] server.ZooKeeperServer: Server environment:user.name=Arthur
2017-01-03 17:56:31,696 INFO  [main] server.ZooKeeperServer: Server environment:user.home=/Users/arthur
2017-01-03 17:56:31,696 INFO  [main] server.ZooKeeperServer: Server environment:user.dir=/Library/hbase-0.98.8-hadoop2/bin
2017-01-03 17:56:31,876 ERROR [main] master.HMasterCommandLine: Master exiting
java.io.IOException: Unable to create data directory /home/testuser/zookeeper/zookeeper_0/version-2
	at org.apache.zookeeper.server.persistence.FileTxnSnapLog.<init>(FileTxnSnapLog.java:85)
	at org.apache.zookeeper.server.ZooKeeperServer.<init>(ZooKeeperServer.java:213)
	at org.apache.hadoop.hbase.zookeeper.MiniZooKeeperCluster.startup(MiniZooKeeperCluster.java:162)
	at org.apache.hadoop.hbase.zookeeper.MiniZooKeeperCluster.startup(MiniZooKeeperCluster.java:131)
	at org.apache.hadoop.hbase.master.HMasterCommandLine.startMaster(HMasterCommandLine.java:165)
	at org.apache.hadoop.hbase.master.HMasterCommandLine.run(HMasterCommandLine.java:135)
	at org.apache.hadoop.util.ToolRunner.run(ToolRunner.java:70)
	at org.apache.hadoop.hbase.util.ServerCommandLine.doMain(ServerCommandLine.java:126)
	at org.apache.hadoop.hbase.master.HMaster.main(HMaster.java:2803)
Tue Jan  3 18:03:23 CST 2017 Stopping hbase (via master)
Tue Jan  3 19:01:37 CST 2017 Starting master on Arthurs-MacBook-Pro.local
core file size          (blocks, -c) 0
data seg size           (kbytes, -d) unlimited
file size               (blocks, -f) unlimited
max locked memory       (kbytes, -l) unlimited
max memory size         (kbytes, -m) unlimited
open files                      (-n) 4864
pipe size            (512 bytes, -p) 1
stack size              (kbytes, -s) 8192
cpu time               (seconds, -t) unlimited
max user processes              (-u) 709
virtual memory          (kbytes, -v) unlimited
2017-01-03 19:01:37,647 INFO  [main] util.VersionInfo: HBase 0.98.8-hadoop2
2017-01-03 19:01:37,648 INFO  [main] util.VersionInfo: Subversion git://acer/usr/src/hbase -r 6cfc8d064754251365e070a10a82eb169956d5fe
2017-01-03 19:01:37,648 INFO  [main] util.VersionInfo: Compiled by apurtell on Fri Nov 14 18:26:29 PST 2014
2017-01-03 19:01:37,804 INFO  [main] server.ZooKeeperServer: Server environment:zookeeper.version=3.4.6-1569965, built on 02/20/2014 09:09 GMT
2017-01-03 19:01:37,804 INFO  [main] server.ZooKeeperServer: Server environment:host.name=192.168.0.103
2017-01-03 19:01:37,804 INFO  [main] server.ZooKeeperServer: Server environment:java.version=1.6.0_65
2017-01-03 19:01:37,804 INFO  [main] server.ZooKeeperServer: Server environment:java.vendor=Apple Inc.
2017-01-03 19:01:37,804 INFO  [main] server.ZooKeeperServer: Server environment:java.home=/Library/Java/JavaVirtualMachines/1.6.0.jdk/Contents/Home
2017-01-03 19:01:37,804 INFO  [main] server.ZooKeeperServer: Server environment:java.class.path=/Library/hbase-0.98.8-hadoop2/bin/../conf:/Library/Java/JavaVirtualMachines/1.6.0.jdk/Contents/Home/lib/tools.jar:/Library/hbase-0.98.8-hadoop2/bin/..:/Library/hbase-0.98.8-hadoop2/bin/../lib/activation-1.1.jar:/Library/hbase-0.98.8-hadoop2/bin/../lib/aopalliance-1.0.jar:/Library/hbase-0.98.8-hadoop2/bin/../lib/asm-3.1.jar:/Library/hbase-0.98.8-hadoop2/bin/../lib/avro-1.7.4.jar:/Library/hbase-0.98.8-hadoop2/bin/../lib/commons-beanutils-1.7.0.jar:/Library/hbase-0.98.8-hadoop2/bin/../lib/commons-beanutils-core-1.8.0.jar:/Library/hbase-0.98.8-hadoop2/bin/../lib/commons-cli-1.2.jar:/Library/hbase-0.98.8-hadoop2/bin/../lib/commons-codec-1.7.jar:/Library/hbase-0.98.8-hadoop2/bin/../lib/commons-collections-3.2.1.jar:/Library/hbase-0.98.8-hadoop2/bin/../lib/commons-compress-1.4.1.jar:/Library/hbase-0.98.8-hadoop2/bin/../lib/commons-configuration-1.6.jar:/Library/hbase-0.98.8-hadoop2/bin/../lib/commons-daemon-1.0.13.jar:/Library/hbase-0.98.8-hadoop2/bin/../lib/commons-digester-1.8.jar:/Library/hbase-0.98.8-hadoop2/bin/../lib/commons-el-1.0.jar:/Library/hbase-0.98.8-hadoop2/bin/../lib/commons-httpclient-3.1.jar:/Library/hbase-0.98.8-hadoop2/bin/../lib/commons-io-2.4.jar:/Library/hbase-0.98.8-hadoop2/bin/../lib/commons-lang-2.6.jar:/Library/hbase-0.98.8-hadoop2/bin/../lib/commons-logging-1.1.1.jar:/Library/hbase-0.98.8-hadoop2/bin/../lib/commons-math-2.1.jar:/Library/hbase-0.98.8-hadoop2/bin/../lib/commons-net-3.1.jar:/Library/hbase-0.98.8-hadoop2/bin/../lib/findbugs-annotations-1.3.9-1.jar:/Library/hbase-0.98.8-hadoop2/bin/../lib/gmbal-api-only-3.0.0-b023.jar:/Library/hbase-0.98.8-hadoop2/bin/../lib/grizzly-framework-2.1.2.jar:/Library/hbase-0.98.8-hadoop2/bin/../lib/grizzly-http-2.1.2.jar:/Library/hbase-0.98.8-hadoop2/bin/../lib/grizzly-http-server-2.1.2.jar:/Library/hbase-0.98.8-hadoop2/bin/../lib/grizzly-http-servlet-2.1.2.jar:/Library/hbase-0.98.8-hadoop2/bin/../lib/grizzly-rcm-2.1.2.jar:/Library/hbase-0.98.8-hadoop2/bin/../lib/guava-12.0.1.jar:/Library/hbase-0.98.8-hadoop2/bin/../lib/guice-3.0.jar:/Library/hbase-0.98.8-hadoop2/bin/../lib/guice-servlet-3.0.jar:/Library/hbase-0.98.8-hadoop2/bin/../lib/hadoop-annotations-2.2.0.jar:/Library/hbase-0.98.8-hadoop2/bin/../lib/hadoop-auth-2.2.0.jar:/Library/hbase-0.98.8-hadoop2/bin/../lib/hadoop-client-2.2.0.jar:/Library/hbase-0.98.8-hadoop2/bin/../lib/hadoop-common-2.2.0.jar:/Library/hbase-0.98.8-hadoop2/bin/../lib/hadoop-hdfs-2.2.0.jar:/Library/hbase-0.98.8-hadoop2/bin/../lib/hadoop-mapreduce-client-app-2.2.0.jar:/Library/hbase-0.98.8-hadoop2/bin/../lib/hadoop-mapreduce-client-common-2.2.0.jar:/Library/hbase-0.98.8-hadoop2/bin/../lib/hadoop-mapreduce-client-core-2.2.0.jar:/Library/hbase-0.98.8-hadoop2/bin/../lib/hadoop-mapreduce-client-jobclient-2.2.0.jar:/Library/hbase-0.98.8-hadoop2/bin/../lib/hadoop-mapreduce-client-shuffle-2.2.0.jar:/Library/hbase-0.98.8-hadoop2/bin/../lib/hadoop-yarn-api-2.2.0.jar:/Library/hbase-0.98.8-hadoop2/bin/../lib/hadoop-yarn-client-2.2.0.jar:/Library/hbase-0.98.8-hadoop2/bin/../lib/hadoop-yarn-common-2.2.0.jar:/Library/hbase-0.98.8-hadoop2/bin/../lib/hadoop-yarn-server-common-2.2.0.jar:/Library/hbase-0.98.8-hadoop2/bin/../lib/hadoop-yarn-server-nodemanager-2.2.0.jar:/Library/hbase-0.98.8-hadoop2/bin/../lib/hamcrest-core-1.3.jar:/Library/hbase-0.98.8-hadoop2/bin/../lib/hbase-annotations-0.98.8-hadoop2.jar:/Library/hbase-0.98.8-hadoop2/bin/../lib/hbase-checkstyle-0.98.8-hadoop2.jar:/Library/hbase-0.98.8-hadoop2/bin/../lib/hbase-client-0.98.8-hadoop2.jar:/Library/hbase-0.98.8-hadoop2/bin/../lib/hbase-common-0.98.8-hadoop2-tests.jar:/Library/hbase-0.98.8-hadoop2/bin/../lib/hbase-common-0.98.8-hadoop2.jar:/Library/hbase-0.98.8-hadoop2/bin/../lib/hbase-examples-0.98.8-hadoop2.jar:/Library/hbase-0.98.8-hadoop2/bin/../lib/hbase-hadoop-compat-0.98.8-hadoop2.jar:/Library/hbase-0.98.8-hadoop2/bin/../lib/hbase-hadoop2-compat-0.98.8-hadoop2.jar:/Library/hbase-0.98.8-hadoop2/bin/../lib/hbase-it-0.98.8-hadoop2-tests.jar:/Library/hbase-0.98.8-hadoop2/bin/../lib/hbase-it-0.98.8-hadoop2.jar:/Library/hbase-0.98.8-hadoop2/bin/../lib/hbase-prefix-tree-0.98.8-hadoop2.jar:/Library/hbase-0.98.8-hadoop2/bin/../lib/hbase-protocol-0.98.8-hadoop2.jar:/Library/hbase-0.98.8-hadoop2/bin/../lib/hbase-rest-0.98.8-hadoop2.jar:/Library/hbase-0.98.8-hadoop2/bin/../lib/hbase-server-0.98.8-hadoop2-tests.jar:/Library/hbase-0.98.8-hadoop2/bin/../lib/hbase-server-0.98.8-hadoop2.jar:/Library/hbase-0.98.8-hadoop2/bin/../lib/hbase-shell-0.98.8-hadoop2.jar:/Library/hbase-0.98.8-hadoop2/bin/../lib/hbase-testing-util-0.98.8-hadoop2.jar:/Library/hbase-0.98.8-hadoop2/bin/../lib/hbase-thrift-0.98.8-hadoop2.jar:/Library/hbase-0.98.8-hadoop2/bin/../lib/high-scale-lib-1.1.1.jar:/Library/hbase-0.98.8-hadoop2/bin/../lib/htrace-core-2.04.jar:/Library/hbase-0.98.8-hadoop2/bin/../lib/httpclient-4.1.3.jar:/Library/hbase-0.98.8-hadoop2/bin/../lib/httpcore-4.1.3.jar:/Library/hbase-0.98.8-hadoop2/bin/../lib/jackson-core-asl-1.8.8.jar:/Library/hbase-0.98.8-hadoop2/bin/../lib/jackson-jaxrs-1.8.8.jar:/Library/hbase-0.98.8-hadoop2/bin/../lib/jackson-mapper-asl-1.8.8.jar:/Library/hbase-0.98.8-hadoop2/bin/../lib/jackson-xc-1.8.8.jar:/Library/hbase-0.98.8-hadoop2/bin/../lib/jamon-runtime-2.3.1.jar:/Library/hbase-0.98.8-hadoop2/bin/../lib/jasper-compiler-5.5.23.jar:/Library/hbase-0.98.8-hadoop2/bin/../lib/jasper-runtime-5.5.23.jar:/Library/hbase-0.98.8-hadoop2/bin/../lib/javax.inject-1.jar:/Library/hbase-0.98.8-hadoop2/bin/../lib/javax.servlet-3.1.jar:/Library/hbase-0.98.8-hadoop2/bin/../lib/javax.servlet-api-3.0.1.jar:/Library/hbase-0.98.8-hadoop2/bin/../lib/jaxb-api-2.2.2.jar:/Library/hbase-0.98.8-hadoop2/bin/../lib/jaxb-impl-2.2.3-1.jar:/Library/hbase-0.98.8-hadoop2/bin/../lib/jcodings-1.0.8.jar:/Library/hbase-0.98.8-hadoop2/bin/../lib/jersey-client-1.9.jar:/Library/hbase-0.98.8-hadoop2/bin/../lib/jersey-core-1.8.jar:/Library/hbase-0.98.8-hadoop2/bin/../lib/jersey-grizzly2-1.9.jar:/Library/hbase-0.98.8-hadoop2/bin/../lib/jersey-guice-1.9.jar:/Library/hbase-0.98.8-hadoop2/bin/../lib/jersey-json-1.8.jar:/Library/hbase-0.98.8-hadoop2/bin/../lib/jersey-server-1.8.jar:/Library/hbase-0.98.8-hadoop2/bin/../lib/jersey-test-framework-core-1.9.jar:/Library/hbase-0.98.8-hadoop2/bin/../lib/jersey-test-framework-grizzly2-1.9.jar:/Library/hbase-0.98.8-hadoop2/bin/../lib/jets3t-0.6.1.jar:/Library/hbase-0.98.8-hadoop2/bin/../lib/jettison-1.3.1.jar:/Library/hbase-0.98.8-hadoop2/bin/../lib/jetty-6.1.26.jar:/Library/hbase-0.98.8-hadoop2/bin/../lib/jetty-sslengine-6.1.26.jar:/Library/hbase-0.98.8-hadoop2/bin/../lib/jetty-util-6.1.26.jar:/Library/hbase-0.98.8-hadoop2/bin/../lib/joni-2.1.2.jar:/Library/hbase-0.98.8-hadoop2/bin/../lib/jruby-complete-1.6.8.jar:/Library/hbase-0.98.8-hadoop2/bin/../lib/jsch-0.1.42.jar:/Library/hbase-0.98.8-hadoop2/bin/../lib/jsp-2.1-6.1.14.jar:/Library/hbase-0.98.8-hadoop2/bin/../lib/jsp-api-2.1-6.1.14.jar:/Library/hbase-0.98.8-hadoop2/bin/../lib/jsr305-1.3.9.jar:/Library/hbase-0.98.8-hadoop2/bin/../lib/junit-4.11.jar:/Library/hbase-0.98.8-hadoop2/bin/../lib/libthrift-0.9.0.jar:/Library/hbase-0.98.8-hadoop2/bin/../lib/log4j-1.2.17.jar:/Library/hbase-0.98.8-hadoop2/bin/../lib/management-api-3.0.0-b012.jar:/Library/hbase-0.98.8-hadoop2/bin/../lib/metrics-core-2.2.0.jar:/Library/hbase-0.98.8-hadoop2/bin/../lib/netty-3.6.6.Final.jar:/Library/hbase-0.98.8-hadoop2/bin/../lib/paranamer-2.3.jar:/Library/hbase-0.98.8-hadoop2/bin/../lib/protobuf-java-2.5.0.jar:/Library/hbase-0.98.8-hadoop2/bin/../lib/servlet-api-2.5-6.1.14.jar:/Library/hbase-0.98.8-hadoop2/bin/../lib/slf4j-api-1.6.4.jar:/Library/hbase-0.98.8-hadoop2/bin/../lib/slf4j-log4j12-1.6.4.jar:/Library/hbase-0.98.8-hadoop2/bin/../lib/snappy-java-1.0.4.1.jar:/Library/hbase-0.98.8-hadoop2/bin/../lib/xmlenc-0.52.jar:/Library/hbase-0.98.8-hadoop2/bin/../lib/xz-1.0.jar:/Library/hbase-0.98.8-hadoop2/bin/../lib/zookeeper-3.4.6.jar:
2017-01-03 19:01:37,805 INFO  [main] server.ZooKeeperServer: Server environment:java.library.path=.:/Library/Java/Extensions:/System/Library/Java/Extensions:/usr/lib/java
2017-01-03 19:01:37,805 INFO  [main] server.ZooKeeperServer: Server environment:java.io.tmpdir=/var/folders/y4/9fb3ng_s3cg4j1z6nxfhpw7m0000gn/T/
2017-01-03 19:01:37,805 INFO  [main] server.ZooKeeperServer: Server environment:java.compiler=<NA>
2017-01-03 19:01:37,805 INFO  [main] server.ZooKeeperServer: Server environment:os.name=Mac OS X
2017-01-03 19:01:37,805 INFO  [main] server.ZooKeeperServer: Server environment:os.arch=x86_64
2017-01-03 19:01:37,805 INFO  [main] server.ZooKeeperServer: Server environment:os.version=10.12.2
2017-01-03 19:01:37,805 INFO  [main] server.ZooKeeperServer: Server environment:user.name=Arthur
2017-01-03 19:01:37,805 INFO  [main] server.ZooKeeperServer: Server environment:user.home=/Users/arthur
2017-01-03 19:01:37,805 INFO  [main] server.ZooKeeperServer: Server environment:user.dir=/Library/hbase-0.98.8-hadoop2/bin
2017-01-03 19:01:37,807 ERROR [main] master.HMasterCommandLine: Master exiting
java.io.IOException: Unable to create data directory /Users/hbase_testuser/zookeeper/zookeeper_0/version-2
	at org.apache.zookeeper.server.persistence.FileTxnSnapLog.<init>(FileTxnSnapLog.java:85)
	at org.apache.zookeeper.server.ZooKeeperServer.<init>(ZooKeeperServer.java:213)
	at org.apache.hadoop.hbase.zookeeper.MiniZooKeeperCluster.startup(MiniZooKeeperCluster.java:162)
	at org.apache.hadoop.hbase.zookeeper.MiniZooKeeperCluster.startup(MiniZooKeeperCluster.java:131)
	at org.apache.hadoop.hbase.master.HMasterCommandLine.startMaster(HMasterCommandLine.java:165)
	at org.apache.hadoop.hbase.master.HMasterCommandLine.run(HMasterCommandLine.java:135)
	at org.apache.hadoop.util.ToolRunner.run(ToolRunner.java:70)
	at org.apache.hadoop.hbase.util.ServerCommandLine.doMain(ServerCommandLine.java:126)
	at org.apache.hadoop.hbase.master.HMaster.main(HMaster.java:2803)
Tue Jan  3 21:32:15 CST 2017 Starting master on Arthurs-MacBook-Pro.local
core file size          (blocks, -c) 0
data seg size           (kbytes, -d) unlimited
file size               (blocks, -f) unlimited
max locked memory       (kbytes, -l) unlimited
max memory size         (kbytes, -m) unlimited
open files                      (-n) 4864
pipe size            (512 bytes, -p) 1
stack size              (kbytes, -s) 8192
cpu time               (seconds, -t) unlimited
max user processes              (-u) 709
virtual memory          (kbytes, -v) unlimited
2017-01-03 21:32:16,100 INFO  [main] util.VersionInfo: HBase 0.98.8-hadoop2
2017-01-03 21:32:16,101 INFO  [main] util.VersionInfo: Subversion git://acer/usr/src/hbase -r 6cfc8d064754251365e070a10a82eb169956d5fe
2017-01-03 21:32:16,101 INFO  [main] util.VersionInfo: Compiled by apurtell on Fri Nov 14 18:26:29 PST 2014
2017-01-03 21:32:16,257 INFO  [main] server.ZooKeeperServer: Server environment:zookeeper.version=3.4.6-1569965, built on 02/20/2014 09:09 GMT
2017-01-03 21:32:16,258 INFO  [main] server.ZooKeeperServer: Server environment:host.name=192.168.0.103
2017-01-03 21:32:16,258 INFO  [main] server.ZooKeeperServer: Server environment:java.version=1.6.0_65
2017-01-03 21:32:16,258 INFO  [main] server.ZooKeeperServer: Server environment:java.vendor=Apple Inc.
2017-01-03 21:32:16,258 INFO  [main] server.ZooKeeperServer: Server environment:java.home=/Library/Java/JavaVirtualMachines/1.6.0.jdk/Contents/Home
2017-01-03 21:32:16,258 INFO  [main] server.ZooKeeperServer: Server environment:java.class.path=/Library/hbase-0.98.8-hadoop2/bin/../conf:/Library/Java/JavaVirtualMachines/1.6.0.jdk/Contents/Home/lib/tools.jar:/Library/hbase-0.98.8-hadoop2/bin/..:/Library/hbase-0.98.8-hadoop2/bin/../lib/activation-1.1.jar:/Library/hbase-0.98.8-hadoop2/bin/../lib/aopalliance-1.0.jar:/Library/hbase-0.98.8-hadoop2/bin/../lib/asm-3.1.jar:/Library/hbase-0.98.8-hadoop2/bin/../lib/avro-1.7.4.jar:/Library/hbase-0.98.8-hadoop2/bin/../lib/commons-beanutils-1.7.0.jar:/Library/hbase-0.98.8-hadoop2/bin/../lib/commons-beanutils-core-1.8.0.jar:/Library/hbase-0.98.8-hadoop2/bin/../lib/commons-cli-1.2.jar:/Library/hbase-0.98.8-hadoop2/bin/../lib/commons-codec-1.7.jar:/Library/hbase-0.98.8-hadoop2/bin/../lib/commons-collections-3.2.1.jar:/Library/hbase-0.98.8-hadoop2/bin/../lib/commons-compress-1.4.1.jar:/Library/hbase-0.98.8-hadoop2/bin/../lib/commons-configuration-1.6.jar:/Library/hbase-0.98.8-hadoop2/bin/../lib/commons-daemon-1.0.13.jar:/Library/hbase-0.98.8-hadoop2/bin/../lib/commons-digester-1.8.jar:/Library/hbase-0.98.8-hadoop2/bin/../lib/commons-el-1.0.jar:/Library/hbase-0.98.8-hadoop2/bin/../lib/commons-httpclient-3.1.jar:/Library/hbase-0.98.8-hadoop2/bin/../lib/commons-io-2.4.jar:/Library/hbase-0.98.8-hadoop2/bin/../lib/commons-lang-2.6.jar:/Library/hbase-0.98.8-hadoop2/bin/../lib/commons-logging-1.1.1.jar:/Library/hbase-0.98.8-hadoop2/bin/../lib/commons-math-2.1.jar:/Library/hbase-0.98.8-hadoop2/bin/../lib/commons-net-3.1.jar:/Library/hbase-0.98.8-hadoop2/bin/../lib/findbugs-annotations-1.3.9-1.jar:/Library/hbase-0.98.8-hadoop2/bin/../lib/gmbal-api-only-3.0.0-b023.jar:/Library/hbase-0.98.8-hadoop2/bin/../lib/grizzly-framework-2.1.2.jar:/Library/hbase-0.98.8-hadoop2/bin/../lib/grizzly-http-2.1.2.jar:/Library/hbase-0.98.8-hadoop2/bin/../lib/grizzly-http-server-2.1.2.jar:/Library/hbase-0.98.8-hadoop2/bin/../lib/grizzly-http-servlet-2.1.2.jar:/Library/hbase-0.98.8-hadoop2/bin/../lib/grizzly-rcm-2.1.2.jar:/Library/hbase-0.98.8-hadoop2/bin/../lib/guava-12.0.1.jar:/Library/hbase-0.98.8-hadoop2/bin/../lib/guice-3.0.jar:/Library/hbase-0.98.8-hadoop2/bin/../lib/guice-servlet-3.0.jar:/Library/hbase-0.98.8-hadoop2/bin/../lib/hadoop-annotations-2.2.0.jar:/Library/hbase-0.98.8-hadoop2/bin/../lib/hadoop-auth-2.2.0.jar:/Library/hbase-0.98.8-hadoop2/bin/../lib/hadoop-client-2.2.0.jar:/Library/hbase-0.98.8-hadoop2/bin/../lib/hadoop-common-2.2.0.jar:/Library/hbase-0.98.8-hadoop2/bin/../lib/hadoop-hdfs-2.2.0.jar:/Library/hbase-0.98.8-hadoop2/bin/../lib/hadoop-mapreduce-client-app-2.2.0.jar:/Library/hbase-0.98.8-hadoop2/bin/../lib/hadoop-mapreduce-client-common-2.2.0.jar:/Library/hbase-0.98.8-hadoop2/bin/../lib/hadoop-mapreduce-client-core-2.2.0.jar:/Library/hbase-0.98.8-hadoop2/bin/../lib/hadoop-mapreduce-client-jobclient-2.2.0.jar:/Library/hbase-0.98.8-hadoop2/bin/../lib/hadoop-mapreduce-client-shuffle-2.2.0.jar:/Library/hbase-0.98.8-hadoop2/bin/../lib/hadoop-yarn-api-2.2.0.jar:/Library/hbase-0.98.8-hadoop2/bin/../lib/hadoop-yarn-client-2.2.0.jar:/Library/hbase-0.98.8-hadoop2/bin/../lib/hadoop-yarn-common-2.2.0.jar:/Library/hbase-0.98.8-hadoop2/bin/../lib/hadoop-yarn-server-common-2.2.0.jar:/Library/hbase-0.98.8-hadoop2/bin/../lib/hadoop-yarn-server-nodemanager-2.2.0.jar:/Library/hbase-0.98.8-hadoop2/bin/../lib/hamcrest-core-1.3.jar:/Library/hbase-0.98.8-hadoop2/bin/../lib/hbase-annotations-0.98.8-hadoop2.jar:/Library/hbase-0.98.8-hadoop2/bin/../lib/hbase-checkstyle-0.98.8-hadoop2.jar:/Library/hbase-0.98.8-hadoop2/bin/../lib/hbase-client-0.98.8-hadoop2.jar:/Library/hbase-0.98.8-hadoop2/bin/../lib/hbase-common-0.98.8-hadoop2-tests.jar:/Library/hbase-0.98.8-hadoop2/bin/../lib/hbase-common-0.98.8-hadoop2.jar:/Library/hbase-0.98.8-hadoop2/bin/../lib/hbase-examples-0.98.8-hadoop2.jar:/Library/hbase-0.98.8-hadoop2/bin/../lib/hbase-hadoop-compat-0.98.8-hadoop2.jar:/Library/hbase-0.98.8-hadoop2/bin/../lib/hbase-hadoop2-compat-0.98.8-hadoop2.jar:/Library/hbase-0.98.8-hadoop2/bin/../lib/hbase-it-0.98.8-hadoop2-tests.jar:/Library/hbase-0.98.8-hadoop2/bin/../lib/hbase-it-0.98.8-hadoop2.jar:/Library/hbase-0.98.8-hadoop2/bin/../lib/hbase-prefix-tree-0.98.8-hadoop2.jar:/Library/hbase-0.98.8-hadoop2/bin/../lib/hbase-protocol-0.98.8-hadoop2.jar:/Library/hbase-0.98.8-hadoop2/bin/../lib/hbase-rest-0.98.8-hadoop2.jar:/Library/hbase-0.98.8-hadoop2/bin/../lib/hbase-server-0.98.8-hadoop2-tests.jar:/Library/hbase-0.98.8-hadoop2/bin/../lib/hbase-server-0.98.8-hadoop2.jar:/Library/hbase-0.98.8-hadoop2/bin/../lib/hbase-shell-0.98.8-hadoop2.jar:/Library/hbase-0.98.8-hadoop2/bin/../lib/hbase-testing-util-0.98.8-hadoop2.jar:/Library/hbase-0.98.8-hadoop2/bin/../lib/hbase-thrift-0.98.8-hadoop2.jar:/Library/hbase-0.98.8-hadoop2/bin/../lib/high-scale-lib-1.1.1.jar:/Library/hbase-0.98.8-hadoop2/bin/../lib/htrace-core-2.04.jar:/Library/hbase-0.98.8-hadoop2/bin/../lib/httpclient-4.1.3.jar:/Library/hbase-0.98.8-hadoop2/bin/../lib/httpcore-4.1.3.jar:/Library/hbase-0.98.8-hadoop2/bin/../lib/jackson-core-asl-1.8.8.jar:/Library/hbase-0.98.8-hadoop2/bin/../lib/jackson-jaxrs-1.8.8.jar:/Library/hbase-0.98.8-hadoop2/bin/../lib/jackson-mapper-asl-1.8.8.jar:/Library/hbase-0.98.8-hadoop2/bin/../lib/jackson-xc-1.8.8.jar:/Library/hbase-0.98.8-hadoop2/bin/../lib/jamon-runtime-2.3.1.jar:/Library/hbase-0.98.8-hadoop2/bin/../lib/jasper-compiler-5.5.23.jar:/Library/hbase-0.98.8-hadoop2/bin/../lib/jasper-runtime-5.5.23.jar:/Library/hbase-0.98.8-hadoop2/bin/../lib/javax.inject-1.jar:/Library/hbase-0.98.8-hadoop2/bin/../lib/javax.servlet-3.1.jar:/Library/hbase-0.98.8-hadoop2/bin/../lib/javax.servlet-api-3.0.1.jar:/Library/hbase-0.98.8-hadoop2/bin/../lib/jaxb-api-2.2.2.jar:/Library/hbase-0.98.8-hadoop2/bin/../lib/jaxb-impl-2.2.3-1.jar:/Library/hbase-0.98.8-hadoop2/bin/../lib/jcodings-1.0.8.jar:/Library/hbase-0.98.8-hadoop2/bin/../lib/jersey-client-1.9.jar:/Library/hbase-0.98.8-hadoop2/bin/../lib/jersey-core-1.8.jar:/Library/hbase-0.98.8-hadoop2/bin/../lib/jersey-grizzly2-1.9.jar:/Library/hbase-0.98.8-hadoop2/bin/../lib/jersey-guice-1.9.jar:/Library/hbase-0.98.8-hadoop2/bin/../lib/jersey-json-1.8.jar:/Library/hbase-0.98.8-hadoop2/bin/../lib/jersey-server-1.8.jar:/Library/hbase-0.98.8-hadoop2/bin/../lib/jersey-test-framework-core-1.9.jar:/Library/hbase-0.98.8-hadoop2/bin/../lib/jersey-test-framework-grizzly2-1.9.jar:/Library/hbase-0.98.8-hadoop2/bin/../lib/jets3t-0.6.1.jar:/Library/hbase-0.98.8-hadoop2/bin/../lib/jettison-1.3.1.jar:/Library/hbase-0.98.8-hadoop2/bin/../lib/jetty-6.1.26.jar:/Library/hbase-0.98.8-hadoop2/bin/../lib/jetty-sslengine-6.1.26.jar:/Library/hbase-0.98.8-hadoop2/bin/../lib/jetty-util-6.1.26.jar:/Library/hbase-0.98.8-hadoop2/bin/../lib/joni-2.1.2.jar:/Library/hbase-0.98.8-hadoop2/bin/../lib/jruby-complete-1.6.8.jar:/Library/hbase-0.98.8-hadoop2/bin/../lib/jsch-0.1.42.jar:/Library/hbase-0.98.8-hadoop2/bin/../lib/jsp-2.1-6.1.14.jar:/Library/hbase-0.98.8-hadoop2/bin/../lib/jsp-api-2.1-6.1.14.jar:/Library/hbase-0.98.8-hadoop2/bin/../lib/jsr305-1.3.9.jar:/Library/hbase-0.98.8-hadoop2/bin/../lib/junit-4.11.jar:/Library/hbase-0.98.8-hadoop2/bin/../lib/libthrift-0.9.0.jar:/Library/hbase-0.98.8-hadoop2/bin/../lib/log4j-1.2.17.jar:/Library/hbase-0.98.8-hadoop2/bin/../lib/management-api-3.0.0-b012.jar:/Library/hbase-0.98.8-hadoop2/bin/../lib/metrics-core-2.2.0.jar:/Library/hbase-0.98.8-hadoop2/bin/../lib/netty-3.6.6.Final.jar:/Library/hbase-0.98.8-hadoop2/bin/../lib/paranamer-2.3.jar:/Library/hbase-0.98.8-hadoop2/bin/../lib/protobuf-java-2.5.0.jar:/Library/hbase-0.98.8-hadoop2/bin/../lib/servlet-api-2.5-6.1.14.jar:/Library/hbase-0.98.8-hadoop2/bin/../lib/slf4j-api-1.6.4.jar:/Library/hbase-0.98.8-hadoop2/bin/../lib/slf4j-log4j12-1.6.4.jar:/Library/hbase-0.98.8-hadoop2/bin/../lib/snappy-java-1.0.4.1.jar:/Library/hbase-0.98.8-hadoop2/bin/../lib/xmlenc-0.52.jar:/Library/hbase-0.98.8-hadoop2/bin/../lib/xz-1.0.jar:/Library/hbase-0.98.8-hadoop2/bin/../lib/zookeeper-3.4.6.jar:
2017-01-03 21:32:16,260 INFO  [main] server.ZooKeeperServer: Server environment:java.library.path=.:/Library/Java/Extensions:/System/Library/Java/Extensions:/usr/lib/java
2017-01-03 21:32:16,260 INFO  [main] server.ZooKeeperServer: Server environment:java.io.tmpdir=/var/folders/y4/9fb3ng_s3cg4j1z6nxfhpw7m0000gn/T/
2017-01-03 21:32:16,260 INFO  [main] server.ZooKeeperServer: Server environment:java.compiler=<NA>
2017-01-03 21:32:16,260 INFO  [main] server.ZooKeeperServer: Server environment:os.name=Mac OS X
2017-01-03 21:32:16,260 INFO  [main] server.ZooKeeperServer: Server environment:os.arch=x86_64
2017-01-03 21:32:16,260 INFO  [main] server.ZooKeeperServer: Server environment:os.version=10.12.2
2017-01-03 21:32:16,260 INFO  [main] server.ZooKeeperServer: Server environment:user.name=Arthur
2017-01-03 21:32:16,260 INFO  [main] server.ZooKeeperServer: Server environment:user.home=/Users/arthur
2017-01-03 21:32:16,260 INFO  [main] server.ZooKeeperServer: Server environment:user.dir=/Library/hbase-0.98.8-hadoop2/bin
2017-01-03 21:32:16,263 ERROR [main] master.HMasterCommandLine: Master exiting
java.io.IOException: Unable to create data directory /Users/hbase_testuser/zookeeper/zookeeper_0/version-2
	at org.apache.zookeeper.server.persistence.FileTxnSnapLog.<init>(FileTxnSnapLog.java:85)
	at org.apache.zookeeper.server.ZooKeeperServer.<init>(ZooKeeperServer.java:213)
	at org.apache.hadoop.hbase.zookeeper.MiniZooKeeperCluster.startup(MiniZooKeeperCluster.java:162)
	at org.apache.hadoop.hbase.zookeeper.MiniZooKeeperCluster.startup(MiniZooKeeperCluster.java:131)
	at org.apache.hadoop.hbase.master.HMasterCommandLine.startMaster(HMasterCommandLine.java:165)
	at org.apache.hadoop.hbase.master.HMasterCommandLine.run(HMasterCommandLine.java:135)
	at org.apache.hadoop.util.ToolRunner.run(ToolRunner.java:70)
	at org.apache.hadoop.hbase.util.ServerCommandLine.doMain(ServerCommandLine.java:126)
	at org.apache.hadoop.hbase.master.HMaster.main(HMaster.java:2803)
Tue Jan  3 23:03:48 CST 2017 Starting master on Arthurs-MacBook-Pro.local
core file size          (blocks, -c) 0
data seg size           (kbytes, -d) unlimited
file size               (blocks, -f) unlimited
max locked memory       (kbytes, -l) unlimited
max memory size         (kbytes, -m) unlimited
open files                      (-n) 4864
pipe size            (512 bytes, -p) 1
stack size              (kbytes, -s) 8192
cpu time               (seconds, -t) unlimited
max user processes              (-u) 709
virtual memory          (kbytes, -v) unlimited
2017-01-03 23:03:48,738 INFO  [main] util.VersionInfo: HBase 0.98.8-hadoop2
2017-01-03 23:03:48,738 INFO  [main] util.VersionInfo: Subversion git://acer/usr/src/hbase -r 6cfc8d064754251365e070a10a82eb169956d5fe
2017-01-03 23:03:48,738 INFO  [main] util.VersionInfo: Compiled by apurtell on Fri Nov 14 18:26:29 PST 2014
2017-01-03 23:03:48,922 INFO  [main] server.ZooKeeperServer: Server environment:zookeeper.version=3.4.6-1569965, built on 02/20/2014 09:09 GMT
2017-01-03 23:03:48,922 INFO  [main] server.ZooKeeperServer: Server environment:host.name=192.168.0.103
2017-01-03 23:03:48,922 INFO  [main] server.ZooKeeperServer: Server environment:java.version=1.6.0_65
2017-01-03 23:03:48,922 INFO  [main] server.ZooKeeperServer: Server environment:java.vendor=Apple Inc.
2017-01-03 23:03:48,922 INFO  [main] server.ZooKeeperServer: Server environment:java.home=/Library/Java/JavaVirtualMachines/1.6.0.jdk/Contents/Home
2017-01-03 23:03:48,922 INFO  [main] server.ZooKeeperServer: Server environment:java.class.path=/Library/hbase-0.98.8-hadoop2/bin/../conf:/Library/Java/JavaVirtualMachines/1.6.0.jdk/Contents/Home/lib/tools.jar:/Library/hbase-0.98.8-hadoop2/bin/..:/Library/hbase-0.98.8-hadoop2/bin/../lib/activation-1.1.jar:/Library/hbase-0.98.8-hadoop2/bin/../lib/aopalliance-1.0.jar:/Library/hbase-0.98.8-hadoop2/bin/../lib/asm-3.1.jar:/Library/hbase-0.98.8-hadoop2/bin/../lib/avro-1.7.4.jar:/Library/hbase-0.98.8-hadoop2/bin/../lib/commons-beanutils-1.7.0.jar:/Library/hbase-0.98.8-hadoop2/bin/../lib/commons-beanutils-core-1.8.0.jar:/Library/hbase-0.98.8-hadoop2/bin/../lib/commons-cli-1.2.jar:/Library/hbase-0.98.8-hadoop2/bin/../lib/commons-codec-1.7.jar:/Library/hbase-0.98.8-hadoop2/bin/../lib/commons-collections-3.2.1.jar:/Library/hbase-0.98.8-hadoop2/bin/../lib/commons-compress-1.4.1.jar:/Library/hbase-0.98.8-hadoop2/bin/../lib/commons-configuration-1.6.jar:/Library/hbase-0.98.8-hadoop2/bin/../lib/commons-daemon-1.0.13.jar:/Library/hbase-0.98.8-hadoop2/bin/../lib/commons-digester-1.8.jar:/Library/hbase-0.98.8-hadoop2/bin/../lib/commons-el-1.0.jar:/Library/hbase-0.98.8-hadoop2/bin/../lib/commons-httpclient-3.1.jar:/Library/hbase-0.98.8-hadoop2/bin/../lib/commons-io-2.4.jar:/Library/hbase-0.98.8-hadoop2/bin/../lib/commons-lang-2.6.jar:/Library/hbase-0.98.8-hadoop2/bin/../lib/commons-logging-1.1.1.jar:/Library/hbase-0.98.8-hadoop2/bin/../lib/commons-math-2.1.jar:/Library/hbase-0.98.8-hadoop2/bin/../lib/commons-net-3.1.jar:/Library/hbase-0.98.8-hadoop2/bin/../lib/findbugs-annotations-1.3.9-1.jar:/Library/hbase-0.98.8-hadoop2/bin/../lib/gmbal-api-only-3.0.0-b023.jar:/Library/hbase-0.98.8-hadoop2/bin/../lib/grizzly-framework-2.1.2.jar:/Library/hbase-0.98.8-hadoop2/bin/../lib/grizzly-http-2.1.2.jar:/Library/hbase-0.98.8-hadoop2/bin/../lib/grizzly-http-server-2.1.2.jar:/Library/hbase-0.98.8-hadoop2/bin/../lib/grizzly-http-servlet-2.1.2.jar:/Library/hbase-0.98.8-hadoop2/bin/../lib/grizzly-rcm-2.1.2.jar:/Library/hbase-0.98.8-hadoop2/bin/../lib/guava-12.0.1.jar:/Library/hbase-0.98.8-hadoop2/bin/../lib/guice-3.0.jar:/Library/hbase-0.98.8-hadoop2/bin/../lib/guice-servlet-3.0.jar:/Library/hbase-0.98.8-hadoop2/bin/../lib/hadoop-annotations-2.2.0.jar:/Library/hbase-0.98.8-hadoop2/bin/../lib/hadoop-auth-2.2.0.jar:/Library/hbase-0.98.8-hadoop2/bin/../lib/hadoop-client-2.2.0.jar:/Library/hbase-0.98.8-hadoop2/bin/../lib/hadoop-common-2.2.0.jar:/Library/hbase-0.98.8-hadoop2/bin/../lib/hadoop-hdfs-2.2.0.jar:/Library/hbase-0.98.8-hadoop2/bin/../lib/hadoop-mapreduce-client-app-2.2.0.jar:/Library/hbase-0.98.8-hadoop2/bin/../lib/hadoop-mapreduce-client-common-2.2.0.jar:/Library/hbase-0.98.8-hadoop2/bin/../lib/hadoop-mapreduce-client-core-2.2.0.jar:/Library/hbase-0.98.8-hadoop2/bin/../lib/hadoop-mapreduce-client-jobclient-2.2.0.jar:/Library/hbase-0.98.8-hadoop2/bin/../lib/hadoop-mapreduce-client-shuffle-2.2.0.jar:/Library/hbase-0.98.8-hadoop2/bin/../lib/hadoop-yarn-api-2.2.0.jar:/Library/hbase-0.98.8-hadoop2/bin/../lib/hadoop-yarn-client-2.2.0.jar:/Library/hbase-0.98.8-hadoop2/bin/../lib/hadoop-yarn-common-2.2.0.jar:/Library/hbase-0.98.8-hadoop2/bin/../lib/hadoop-yarn-server-common-2.2.0.jar:/Library/hbase-0.98.8-hadoop2/bin/../lib/hadoop-yarn-server-nodemanager-2.2.0.jar:/Library/hbase-0.98.8-hadoop2/bin/../lib/hamcrest-core-1.3.jar:/Library/hbase-0.98.8-hadoop2/bin/../lib/hbase-annotations-0.98.8-hadoop2.jar:/Library/hbase-0.98.8-hadoop2/bin/../lib/hbase-checkstyle-0.98.8-hadoop2.jar:/Library/hbase-0.98.8-hadoop2/bin/../lib/hbase-client-0.98.8-hadoop2.jar:/Library/hbase-0.98.8-hadoop2/bin/../lib/hbase-common-0.98.8-hadoop2-tests.jar:/Library/hbase-0.98.8-hadoop2/bin/../lib/hbase-common-0.98.8-hadoop2.jar:/Library/hbase-0.98.8-hadoop2/bin/../lib/hbase-examples-0.98.8-hadoop2.jar:/Library/hbase-0.98.8-hadoop2/bin/../lib/hbase-hadoop-compat-0.98.8-hadoop2.jar:/Library/hbase-0.98.8-hadoop2/bin/../lib/hbase-hadoop2-compat-0.98.8-hadoop2.jar:/Library/hbase-0.98.8-hadoop2/bin/../lib/hbase-it-0.98.8-hadoop2-tests.jar:/Library/hbase-0.98.8-hadoop2/bin/../lib/hbase-it-0.98.8-hadoop2.jar:/Library/hbase-0.98.8-hadoop2/bin/../lib/hbase-prefix-tree-0.98.8-hadoop2.jar:/Library/hbase-0.98.8-hadoop2/bin/../lib/hbase-protocol-0.98.8-hadoop2.jar:/Library/hbase-0.98.8-hadoop2/bin/../lib/hbase-rest-0.98.8-hadoop2.jar:/Library/hbase-0.98.8-hadoop2/bin/../lib/hbase-server-0.98.8-hadoop2-tests.jar:/Library/hbase-0.98.8-hadoop2/bin/../lib/hbase-server-0.98.8-hadoop2.jar:/Library/hbase-0.98.8-hadoop2/bin/../lib/hbase-shell-0.98.8-hadoop2.jar:/Library/hbase-0.98.8-hadoop2/bin/../lib/hbase-testing-util-0.98.8-hadoop2.jar:/Library/hbase-0.98.8-hadoop2/bin/../lib/hbase-thrift-0.98.8-hadoop2.jar:/Library/hbase-0.98.8-hadoop2/bin/../lib/high-scale-lib-1.1.1.jar:/Library/hbase-0.98.8-hadoop2/bin/../lib/htrace-core-2.04.jar:/Library/hbase-0.98.8-hadoop2/bin/../lib/httpclient-4.1.3.jar:/Library/hbase-0.98.8-hadoop2/bin/../lib/httpcore-4.1.3.jar:/Library/hbase-0.98.8-hadoop2/bin/../lib/jackson-core-asl-1.8.8.jar:/Library/hbase-0.98.8-hadoop2/bin/../lib/jackson-jaxrs-1.8.8.jar:/Library/hbase-0.98.8-hadoop2/bin/../lib/jackson-mapper-asl-1.8.8.jar:/Library/hbase-0.98.8-hadoop2/bin/../lib/jackson-xc-1.8.8.jar:/Library/hbase-0.98.8-hadoop2/bin/../lib/jamon-runtime-2.3.1.jar:/Library/hbase-0.98.8-hadoop2/bin/../lib/jasper-compiler-5.5.23.jar:/Library/hbase-0.98.8-hadoop2/bin/../lib/jasper-runtime-5.5.23.jar:/Library/hbase-0.98.8-hadoop2/bin/../lib/javax.inject-1.jar:/Library/hbase-0.98.8-hadoop2/bin/../lib/javax.servlet-3.1.jar:/Library/hbase-0.98.8-hadoop2/bin/../lib/javax.servlet-api-3.0.1.jar:/Library/hbase-0.98.8-hadoop2/bin/../lib/jaxb-api-2.2.2.jar:/Library/hbase-0.98.8-hadoop2/bin/../lib/jaxb-impl-2.2.3-1.jar:/Library/hbase-0.98.8-hadoop2/bin/../lib/jcodings-1.0.8.jar:/Library/hbase-0.98.8-hadoop2/bin/../lib/jersey-client-1.9.jar:/Library/hbase-0.98.8-hadoop2/bin/../lib/jersey-core-1.8.jar:/Library/hbase-0.98.8-hadoop2/bin/../lib/jersey-grizzly2-1.9.jar:/Library/hbase-0.98.8-hadoop2/bin/../lib/jersey-guice-1.9.jar:/Library/hbase-0.98.8-hadoop2/bin/../lib/jersey-json-1.8.jar:/Library/hbase-0.98.8-hadoop2/bin/../lib/jersey-server-1.8.jar:/Library/hbase-0.98.8-hadoop2/bin/../lib/jersey-test-framework-core-1.9.jar:/Library/hbase-0.98.8-hadoop2/bin/../lib/jersey-test-framework-grizzly2-1.9.jar:/Library/hbase-0.98.8-hadoop2/bin/../lib/jets3t-0.6.1.jar:/Library/hbase-0.98.8-hadoop2/bin/../lib/jettison-1.3.1.jar:/Library/hbase-0.98.8-hadoop2/bin/../lib/jetty-6.1.26.jar:/Library/hbase-0.98.8-hadoop2/bin/../lib/jetty-sslengine-6.1.26.jar:/Library/hbase-0.98.8-hadoop2/bin/../lib/jetty-util-6.1.26.jar:/Library/hbase-0.98.8-hadoop2/bin/../lib/joni-2.1.2.jar:/Library/hbase-0.98.8-hadoop2/bin/../lib/jruby-complete-1.6.8.jar:/Library/hbase-0.98.8-hadoop2/bin/../lib/jsch-0.1.42.jar:/Library/hbase-0.98.8-hadoop2/bin/../lib/jsp-2.1-6.1.14.jar:/Library/hbase-0.98.8-hadoop2/bin/../lib/jsp-api-2.1-6.1.14.jar:/Library/hbase-0.98.8-hadoop2/bin/../lib/jsr305-1.3.9.jar:/Library/hbase-0.98.8-hadoop2/bin/../lib/junit-4.11.jar:/Library/hbase-0.98.8-hadoop2/bin/../lib/libthrift-0.9.0.jar:/Library/hbase-0.98.8-hadoop2/bin/../lib/log4j-1.2.17.jar:/Library/hbase-0.98.8-hadoop2/bin/../lib/management-api-3.0.0-b012.jar:/Library/hbase-0.98.8-hadoop2/bin/../lib/metrics-core-2.2.0.jar:/Library/hbase-0.98.8-hadoop2/bin/../lib/netty-3.6.6.Final.jar:/Library/hbase-0.98.8-hadoop2/bin/../lib/paranamer-2.3.jar:/Library/hbase-0.98.8-hadoop2/bin/../lib/protobuf-java-2.5.0.jar:/Library/hbase-0.98.8-hadoop2/bin/../lib/servlet-api-2.5-6.1.14.jar:/Library/hbase-0.98.8-hadoop2/bin/../lib/slf4j-api-1.6.4.jar:/Library/hbase-0.98.8-hadoop2/bin/../lib/slf4j-log4j12-1.6.4.jar:/Library/hbase-0.98.8-hadoop2/bin/../lib/snappy-java-1.0.4.1.jar:/Library/hbase-0.98.8-hadoop2/bin/../lib/xmlenc-0.52.jar:/Library/hbase-0.98.8-hadoop2/bin/../lib/xz-1.0.jar:/Library/hbase-0.98.8-hadoop2/bin/../lib/zookeeper-3.4.6.jar:
2017-01-03 23:03:48,923 INFO  [main] server.ZooKeeperServer: Server environment:java.library.path=.:/Library/Java/Extensions:/System/Library/Java/Extensions:/usr/lib/java
2017-01-03 23:03:48,923 INFO  [main] server.ZooKeeperServer: Server environment:java.io.tmpdir=/var/folders/y4/9fb3ng_s3cg4j1z6nxfhpw7m0000gn/T/
2017-01-03 23:03:48,923 INFO  [main] server.ZooKeeperServer: Server environment:java.compiler=<NA>
2017-01-03 23:03:48,923 INFO  [main] server.ZooKeeperServer: Server environment:os.name=Mac OS X
2017-01-03 23:03:48,923 INFO  [main] server.ZooKeeperServer: Server environment:os.arch=x86_64
2017-01-03 23:03:48,923 INFO  [main] server.ZooKeeperServer: Server environment:os.version=10.12.2
2017-01-03 23:03:48,923 INFO  [main] server.ZooKeeperServer: Server environment:user.name=Arthur
2017-01-03 23:03:48,924 INFO  [main] server.ZooKeeperServer: Server environment:user.home=/Users/arthur
2017-01-03 23:03:48,924 INFO  [main] server.ZooKeeperServer: Server environment:user.dir=/Library/hbase-0.98.8-hadoop2/bin
2017-01-03 23:03:48,926 ERROR [main] master.HMasterCommandLine: Master exiting
java.io.IOException: Unable to create data directory /Users/hbase_testuser/zookeeper/zookeeper_0/version-2
	at org.apache.zookeeper.server.persistence.FileTxnSnapLog.<init>(FileTxnSnapLog.java:85)
	at org.apache.zookeeper.server.ZooKeeperServer.<init>(ZooKeeperServer.java:213)
	at org.apache.hadoop.hbase.zookeeper.MiniZooKeeperCluster.startup(MiniZooKeeperCluster.java:162)
	at org.apache.hadoop.hbase.zookeeper.MiniZooKeeperCluster.startup(MiniZooKeeperCluster.java:131)
	at org.apache.hadoop.hbase.master.HMasterCommandLine.startMaster(HMasterCommandLine.java:165)
	at org.apache.hadoop.hbase.master.HMasterCommandLine.run(HMasterCommandLine.java:135)
	at org.apache.hadoop.util.ToolRunner.run(ToolRunner.java:70)
	at org.apache.hadoop.hbase.util.ServerCommandLine.doMain(ServerCommandLine.java:126)
	at org.apache.hadoop.hbase.master.HMaster.main(HMaster.java:2803)
Wed Jan  4 16:39:12 CST 2017 Starting master on Arthurs-MacBook-Pro.local
core file size          (blocks, -c) 0
data seg size           (kbytes, -d) unlimited
file size               (blocks, -f) unlimited
max locked memory       (kbytes, -l) unlimited
max memory size         (kbytes, -m) unlimited
open files                      (-n) 4864
pipe size            (512 bytes, -p) 1
stack size              (kbytes, -s) 8192
cpu time               (seconds, -t) unlimited
max user processes              (-u) 709
virtual memory          (kbytes, -v) unlimited
2017-01-04 16:39:13,043 INFO  [main] util.VersionInfo: HBase 0.98.8-hadoop2
2017-01-04 16:39:13,044 INFO  [main] util.VersionInfo: Subversion git://acer/usr/src/hbase -r 6cfc8d064754251365e070a10a82eb169956d5fe
2017-01-04 16:39:13,044 INFO  [main] util.VersionInfo: Compiled by apurtell on Fri Nov 14 18:26:29 PST 2014
2017-01-04 16:39:13,225 INFO  [main] server.ZooKeeperServer: Server environment:zookeeper.version=3.4.6-1569965, built on 02/20/2014 09:09 GMT
2017-01-04 16:39:13,225 INFO  [main] server.ZooKeeperServer: Server environment:host.name=192.168.0.103
2017-01-04 16:39:13,225 INFO  [main] server.ZooKeeperServer: Server environment:java.version=1.6.0_65
2017-01-04 16:39:13,225 INFO  [main] server.ZooKeeperServer: Server environment:java.vendor=Apple Inc.
2017-01-04 16:39:13,225 INFO  [main] server.ZooKeeperServer: Server environment:java.home=/Library/Java/JavaVirtualMachines/1.6.0.jdk/Contents/Home
2017-01-04 16:39:13,225 INFO  [main] server.ZooKeeperServer: Server environment:java.class.path=/Library/hbase-0.98.8-hadoop2/bin/../conf:/Library/Java/JavaVirtualMachines/1.6.0.jdk/Contents/Home/lib/tools.jar:/Library/hbase-0.98.8-hadoop2/bin/..:/Library/hbase-0.98.8-hadoop2/bin/../lib/activation-1.1.jar:/Library/hbase-0.98.8-hadoop2/bin/../lib/aopalliance-1.0.jar:/Library/hbase-0.98.8-hadoop2/bin/../lib/asm-3.1.jar:/Library/hbase-0.98.8-hadoop2/bin/../lib/avro-1.7.4.jar:/Library/hbase-0.98.8-hadoop2/bin/../lib/commons-beanutils-1.7.0.jar:/Library/hbase-0.98.8-hadoop2/bin/../lib/commons-beanutils-core-1.8.0.jar:/Library/hbase-0.98.8-hadoop2/bin/../lib/commons-cli-1.2.jar:/Library/hbase-0.98.8-hadoop2/bin/../lib/commons-codec-1.7.jar:/Library/hbase-0.98.8-hadoop2/bin/../lib/commons-collections-3.2.1.jar:/Library/hbase-0.98.8-hadoop2/bin/../lib/commons-compress-1.4.1.jar:/Library/hbase-0.98.8-hadoop2/bin/../lib/commons-configuration-1.6.jar:/Library/hbase-0.98.8-hadoop2/bin/../lib/commons-daemon-1.0.13.jar:/Library/hbase-0.98.8-hadoop2/bin/../lib/commons-digester-1.8.jar:/Library/hbase-0.98.8-hadoop2/bin/../lib/commons-el-1.0.jar:/Library/hbase-0.98.8-hadoop2/bin/../lib/commons-httpclient-3.1.jar:/Library/hbase-0.98.8-hadoop2/bin/../lib/commons-io-2.4.jar:/Library/hbase-0.98.8-hadoop2/bin/../lib/commons-lang-2.6.jar:/Library/hbase-0.98.8-hadoop2/bin/../lib/commons-logging-1.1.1.jar:/Library/hbase-0.98.8-hadoop2/bin/../lib/commons-math-2.1.jar:/Library/hbase-0.98.8-hadoop2/bin/../lib/commons-net-3.1.jar:/Library/hbase-0.98.8-hadoop2/bin/../lib/findbugs-annotations-1.3.9-1.jar:/Library/hbase-0.98.8-hadoop2/bin/../lib/gmbal-api-only-3.0.0-b023.jar:/Library/hbase-0.98.8-hadoop2/bin/../lib/grizzly-framework-2.1.2.jar:/Library/hbase-0.98.8-hadoop2/bin/../lib/grizzly-http-2.1.2.jar:/Library/hbase-0.98.8-hadoop2/bin/../lib/grizzly-http-server-2.1.2.jar:/Library/hbase-0.98.8-hadoop2/bin/../lib/grizzly-http-servlet-2.1.2.jar:/Library/hbase-0.98.8-hadoop2/bin/../lib/grizzly-rcm-2.1.2.jar:/Library/hbase-0.98.8-hadoop2/bin/../lib/guava-12.0.1.jar:/Library/hbase-0.98.8-hadoop2/bin/../lib/guice-3.0.jar:/Library/hbase-0.98.8-hadoop2/bin/../lib/guice-servlet-3.0.jar:/Library/hbase-0.98.8-hadoop2/bin/../lib/hadoop-annotations-2.2.0.jar:/Library/hbase-0.98.8-hadoop2/bin/../lib/hadoop-auth-2.2.0.jar:/Library/hbase-0.98.8-hadoop2/bin/../lib/hadoop-client-2.2.0.jar:/Library/hbase-0.98.8-hadoop2/bin/../lib/hadoop-common-2.2.0.jar:/Library/hbase-0.98.8-hadoop2/bin/../lib/hadoop-hdfs-2.2.0.jar:/Library/hbase-0.98.8-hadoop2/bin/../lib/hadoop-mapreduce-client-app-2.2.0.jar:/Library/hbase-0.98.8-hadoop2/bin/../lib/hadoop-mapreduce-client-common-2.2.0.jar:/Library/hbase-0.98.8-hadoop2/bin/../lib/hadoop-mapreduce-client-core-2.2.0.jar:/Library/hbase-0.98.8-hadoop2/bin/../lib/hadoop-mapreduce-client-jobclient-2.2.0.jar:/Library/hbase-0.98.8-hadoop2/bin/../lib/hadoop-mapreduce-client-shuffle-2.2.0.jar:/Library/hbase-0.98.8-hadoop2/bin/../lib/hadoop-yarn-api-2.2.0.jar:/Library/hbase-0.98.8-hadoop2/bin/../lib/hadoop-yarn-client-2.2.0.jar:/Library/hbase-0.98.8-hadoop2/bin/../lib/hadoop-yarn-common-2.2.0.jar:/Library/hbase-0.98.8-hadoop2/bin/../lib/hadoop-yarn-server-common-2.2.0.jar:/Library/hbase-0.98.8-hadoop2/bin/../lib/hadoop-yarn-server-nodemanager-2.2.0.jar:/Library/hbase-0.98.8-hadoop2/bin/../lib/hamcrest-core-1.3.jar:/Library/hbase-0.98.8-hadoop2/bin/../lib/hbase-annotations-0.98.8-hadoop2.jar:/Library/hbase-0.98.8-hadoop2/bin/../lib/hbase-checkstyle-0.98.8-hadoop2.jar:/Library/hbase-0.98.8-hadoop2/bin/../lib/hbase-client-0.98.8-hadoop2.jar:/Library/hbase-0.98.8-hadoop2/bin/../lib/hbase-common-0.98.8-hadoop2-tests.jar:/Library/hbase-0.98.8-hadoop2/bin/../lib/hbase-common-0.98.8-hadoop2.jar:/Library/hbase-0.98.8-hadoop2/bin/../lib/hbase-examples-0.98.8-hadoop2.jar:/Library/hbase-0.98.8-hadoop2/bin/../lib/hbase-hadoop-compat-0.98.8-hadoop2.jar:/Library/hbase-0.98.8-hadoop2/bin/../lib/hbase-hadoop2-compat-0.98.8-hadoop2.jar:/Library/hbase-0.98.8-hadoop2/bin/../lib/hbase-it-0.98.8-hadoop2-tests.jar:/Library/hbase-0.98.8-hadoop2/bin/../lib/hbase-it-0.98.8-hadoop2.jar:/Library/hbase-0.98.8-hadoop2/bin/../lib/hbase-prefix-tree-0.98.8-hadoop2.jar:/Library/hbase-0.98.8-hadoop2/bin/../lib/hbase-protocol-0.98.8-hadoop2.jar:/Library/hbase-0.98.8-hadoop2/bin/../lib/hbase-rest-0.98.8-hadoop2.jar:/Library/hbase-0.98.8-hadoop2/bin/../lib/hbase-server-0.98.8-hadoop2-tests.jar:/Library/hbase-0.98.8-hadoop2/bin/../lib/hbase-server-0.98.8-hadoop2.jar:/Library/hbase-0.98.8-hadoop2/bin/../lib/hbase-shell-0.98.8-hadoop2.jar:/Library/hbase-0.98.8-hadoop2/bin/../lib/hbase-testing-util-0.98.8-hadoop2.jar:/Library/hbase-0.98.8-hadoop2/bin/../lib/hbase-thrift-0.98.8-hadoop2.jar:/Library/hbase-0.98.8-hadoop2/bin/../lib/high-scale-lib-1.1.1.jar:/Library/hbase-0.98.8-hadoop2/bin/../lib/htrace-core-2.04.jar:/Library/hbase-0.98.8-hadoop2/bin/../lib/httpclient-4.1.3.jar:/Library/hbase-0.98.8-hadoop2/bin/../lib/httpcore-4.1.3.jar:/Library/hbase-0.98.8-hadoop2/bin/../lib/jackson-core-asl-1.8.8.jar:/Library/hbase-0.98.8-hadoop2/bin/../lib/jackson-jaxrs-1.8.8.jar:/Library/hbase-0.98.8-hadoop2/bin/../lib/jackson-mapper-asl-1.8.8.jar:/Library/hbase-0.98.8-hadoop2/bin/../lib/jackson-xc-1.8.8.jar:/Library/hbase-0.98.8-hadoop2/bin/../lib/jamon-runtime-2.3.1.jar:/Library/hbase-0.98.8-hadoop2/bin/../lib/jasper-compiler-5.5.23.jar:/Library/hbase-0.98.8-hadoop2/bin/../lib/jasper-runtime-5.5.23.jar:/Library/hbase-0.98.8-hadoop2/bin/../lib/javax.inject-1.jar:/Library/hbase-0.98.8-hadoop2/bin/../lib/javax.servlet-3.1.jar:/Library/hbase-0.98.8-hadoop2/bin/../lib/javax.servlet-api-3.0.1.jar:/Library/hbase-0.98.8-hadoop2/bin/../lib/jaxb-api-2.2.2.jar:/Library/hbase-0.98.8-hadoop2/bin/../lib/jaxb-impl-2.2.3-1.jar:/Library/hbase-0.98.8-hadoop2/bin/../lib/jcodings-1.0.8.jar:/Library/hbase-0.98.8-hadoop2/bin/../lib/jersey-client-1.9.jar:/Library/hbase-0.98.8-hadoop2/bin/../lib/jersey-core-1.8.jar:/Library/hbase-0.98.8-hadoop2/bin/../lib/jersey-grizzly2-1.9.jar:/Library/hbase-0.98.8-hadoop2/bin/../lib/jersey-guice-1.9.jar:/Library/hbase-0.98.8-hadoop2/bin/../lib/jersey-json-1.8.jar:/Library/hbase-0.98.8-hadoop2/bin/../lib/jersey-server-1.8.jar:/Library/hbase-0.98.8-hadoop2/bin/../lib/jersey-test-framework-core-1.9.jar:/Library/hbase-0.98.8-hadoop2/bin/../lib/jersey-test-framework-grizzly2-1.9.jar:/Library/hbase-0.98.8-hadoop2/bin/../lib/jets3t-0.6.1.jar:/Library/hbase-0.98.8-hadoop2/bin/../lib/jettison-1.3.1.jar:/Library/hbase-0.98.8-hadoop2/bin/../lib/jetty-6.1.26.jar:/Library/hbase-0.98.8-hadoop2/bin/../lib/jetty-sslengine-6.1.26.jar:/Library/hbase-0.98.8-hadoop2/bin/../lib/jetty-util-6.1.26.jar:/Library/hbase-0.98.8-hadoop2/bin/../lib/joni-2.1.2.jar:/Library/hbase-0.98.8-hadoop2/bin/../lib/jruby-complete-1.6.8.jar:/Library/hbase-0.98.8-hadoop2/bin/../lib/jsch-0.1.42.jar:/Library/hbase-0.98.8-hadoop2/bin/../lib/jsp-2.1-6.1.14.jar:/Library/hbase-0.98.8-hadoop2/bin/../lib/jsp-api-2.1-6.1.14.jar:/Library/hbase-0.98.8-hadoop2/bin/../lib/jsr305-1.3.9.jar:/Library/hbase-0.98.8-hadoop2/bin/../lib/junit-4.11.jar:/Library/hbase-0.98.8-hadoop2/bin/../lib/libthrift-0.9.0.jar:/Library/hbase-0.98.8-hadoop2/bin/../lib/log4j-1.2.17.jar:/Library/hbase-0.98.8-hadoop2/bin/../lib/management-api-3.0.0-b012.jar:/Library/hbase-0.98.8-hadoop2/bin/../lib/metrics-core-2.2.0.jar:/Library/hbase-0.98.8-hadoop2/bin/../lib/netty-3.6.6.Final.jar:/Library/hbase-0.98.8-hadoop2/bin/../lib/paranamer-2.3.jar:/Library/hbase-0.98.8-hadoop2/bin/../lib/protobuf-java-2.5.0.jar:/Library/hbase-0.98.8-hadoop2/bin/../lib/servlet-api-2.5-6.1.14.jar:/Library/hbase-0.98.8-hadoop2/bin/../lib/slf4j-api-1.6.4.jar:/Library/hbase-0.98.8-hadoop2/bin/../lib/slf4j-log4j12-1.6.4.jar:/Library/hbase-0.98.8-hadoop2/bin/../lib/snappy-java-1.0.4.1.jar:/Library/hbase-0.98.8-hadoop2/bin/../lib/xmlenc-0.52.jar:/Library/hbase-0.98.8-hadoop2/bin/../lib/xz-1.0.jar:/Library/hbase-0.98.8-hadoop2/bin/../lib/zookeeper-3.4.6.jar:
2017-01-04 16:39:13,226 INFO  [main] server.ZooKeeperServer: Server environment:java.library.path=.:/Library/Java/Extensions:/System/Library/Java/Extensions:/usr/lib/java
2017-01-04 16:39:13,226 INFO  [main] server.ZooKeeperServer: Server environment:java.io.tmpdir=/var/folders/y4/9fb3ng_s3cg4j1z6nxfhpw7m0000gn/T/
2017-01-04 16:39:13,226 INFO  [main] server.ZooKeeperServer: Server environment:java.compiler=<NA>
2017-01-04 16:39:13,226 INFO  [main] server.ZooKeeperServer: Server environment:os.name=Mac OS X
2017-01-04 16:39:13,226 INFO  [main] server.ZooKeeperServer: Server environment:os.arch=x86_64
2017-01-04 16:39:13,226 INFO  [main] server.ZooKeeperServer: Server environment:os.version=10.12.2
2017-01-04 16:39:13,226 INFO  [main] server.ZooKeeperServer: Server environment:user.name=Arthur
2017-01-04 16:39:13,226 INFO  [main] server.ZooKeeperServer: Server environment:user.home=/Users/arthur
2017-01-04 16:39:13,226 INFO  [main] server.ZooKeeperServer: Server environment:user.dir=/Library/hbase-0.98.8-hadoop2
2017-01-04 16:39:13,229 ERROR [main] master.HMasterCommandLine: Master exiting
java.io.IOException: Unable to create data directory /Users/hbase_testuser/zookeeper/zookeeper_0/version-2
	at org.apache.zookeeper.server.persistence.FileTxnSnapLog.<init>(FileTxnSnapLog.java:85)
	at org.apache.zookeeper.server.ZooKeeperServer.<init>(ZooKeeperServer.java:213)
	at org.apache.hadoop.hbase.zookeeper.MiniZooKeeperCluster.startup(MiniZooKeeperCluster.java:162)
	at org.apache.hadoop.hbase.zookeeper.MiniZooKeeperCluster.startup(MiniZooKeeperCluster.java:131)
	at org.apache.hadoop.hbase.master.HMasterCommandLine.startMaster(HMasterCommandLine.java:165)
	at org.apache.hadoop.hbase.master.HMasterCommandLine.run(HMasterCommandLine.java:135)
	at org.apache.hadoop.util.ToolRunner.run(ToolRunner.java:70)
	at org.apache.hadoop.hbase.util.ServerCommandLine.doMain(ServerCommandLine.java:126)
	at org.apache.hadoop.hbase.master.HMaster.main(HMaster.java:2803)
