Mar 10, 2017 9:28:12 PM org.apache.catalina.startup.VersionLoggerListener log
INFO: Server version:        Apache Tomcat/7.0.73
Mar 10, 2017 9:28:12 PM org.apache.catalina.startup.VersionLoggerListener log
INFO: Server built:          Nov 7 2016 21:27:23 UTC
Mar 10, 2017 9:28:12 PM org.apache.catalina.startup.VersionLoggerListener log
INFO: Server number:         7.0.73.0
Mar 10, 2017 9:28:12 PM org.apache.catalina.startup.VersionLoggerListener log
INFO: OS Name:               Mac OS X
Mar 10, 2017 9:28:12 PM org.apache.catalina.startup.VersionLoggerListener log
INFO: OS Version:            10.12.3
Mar 10, 2017 9:28:12 PM org.apache.catalina.startup.VersionLoggerListener log
INFO: Architecture:          x86_64
Mar 10, 2017 9:28:12 PM org.apache.catalina.startup.VersionLoggerListener log
INFO: Java Home:             /Library/Java/JavaVirtualMachines/jdk1.7.0_60.jdk/Contents/Home/jre
Mar 10, 2017 9:28:12 PM org.apache.catalina.startup.VersionLoggerListener log
INFO: JVM Version:           1.7.0_60-b19
Mar 10, 2017 9:28:12 PM org.apache.catalina.startup.VersionLoggerListener log
INFO: JVM Vendor:            Oracle Corporation
Mar 10, 2017 9:28:12 PM org.apache.catalina.startup.VersionLoggerListener log
INFO: CATALINA_BASE:         /Library/apache-tomcat-7.0.73
Mar 10, 2017 9:28:12 PM org.apache.catalina.startup.VersionLoggerListener log
INFO: CATALINA_HOME:         /Library/apache-tomcat-7.0.73
Mar 10, 2017 9:28:12 PM org.apache.catalina.startup.VersionLoggerListener log
INFO: Command line argument: -Djava.util.logging.config.file=/Library/apache-tomcat-7.0.73/conf/logging.properties
Mar 10, 2017 9:28:12 PM org.apache.catalina.startup.VersionLoggerListener log
INFO: Command line argument: -Djava.util.logging.manager=org.apache.juli.ClassLoaderLogManager
Mar 10, 2017 9:28:12 PM org.apache.catalina.startup.VersionLoggerListener log
INFO: Command line argument: -Djdk.tls.ephemeralDHKeySize=2048
Mar 10, 2017 9:28:12 PM org.apache.catalina.startup.VersionLoggerListener log
INFO: Command line argument: -Djava.endorsed.dirs=/Library/apache-tomcat-7.0.73/endorsed
Mar 10, 2017 9:28:12 PM org.apache.catalina.startup.VersionLoggerListener log
INFO: Command line argument: -Dcatalina.base=/Library/apache-tomcat-7.0.73
Mar 10, 2017 9:28:12 PM org.apache.catalina.startup.VersionLoggerListener log
INFO: Command line argument: -Dcatalina.home=/Library/apache-tomcat-7.0.73
Mar 10, 2017 9:28:12 PM org.apache.catalina.startup.VersionLoggerListener log
INFO: Command line argument: -Djava.io.tmpdir=/Library/apache-tomcat-7.0.73/temp
Mar 10, 2017 9:28:12 PM org.apache.catalina.core.AprLifecycleListener lifecycleEvent
INFO: The APR based Apache Tomcat Native library which allows optimal performance in production environments was not found on the java.library.path: /Users/arthur/Library/Java/Extensions:/Library/Java/Extensions:/Network/Library/Java/Extensions:/System/Library/Java/Extensions:/usr/lib/java:.
Mar 10, 2017 9:28:13 PM org.apache.coyote.AbstractProtocol init
INFO: Initializing ProtocolHandler ["http-bio-8080"]
Mar 10, 2017 9:28:13 PM org.apache.coyote.AbstractProtocol init
INFO: Initializing ProtocolHandler ["ajp-bio-8009"]
Mar 10, 2017 9:28:13 PM org.apache.catalina.startup.Catalina load
INFO: Initialization processed in 659 ms
Mar 10, 2017 9:28:13 PM org.apache.catalina.core.StandardService startInternal
INFO: Starting service Catalina
Mar 10, 2017 9:28:13 PM org.apache.catalina.core.StandardEngine startInternal
INFO: Starting Servlet Engine: Apache Tomcat/7.0.73
Mar 10, 2017 9:28:13 PM org.apache.catalina.startup.HostConfig deployDescriptor
INFO: Deploying configuration descriptor /Library/apache-tomcat-7.0.73/conf/Catalina/localhost/solr-example.xml
Mar 10, 2017 9:28:13 PM org.apache.catalina.startup.SetContextPropertiesRule begin
WARNING: [SetContextPropertiesRule]{Context} Setting property 'debug' to '0' did not find a matching property.
Mar 10, 2017 9:28:14 PM org.apache.catalina.startup.TldConfig execute
INFO: At least one JAR was scanned for TLDs yet contained no TLDs. Enable debug logging for this logger for a complete list of JARs that were scanned but no TLDs were found in them. Skipping unneeded JARs during scanning can improve startup time and JSP compilation time.
Mar 10, 2017 9:28:15 PM org.apache.catalina.startup.HostConfig deployDescriptor
INFO: Deployment of configuration descriptor /Library/apache-tomcat-7.0.73/conf/Catalina/localhost/solr-example.xml has finished in 1,989 ms
Mar 10, 2017 9:28:15 PM org.apache.catalina.startup.HostConfig deployDescriptor
INFO: Deploying configuration descriptor /Library/apache-tomcat-7.0.73/conf/Catalina/localhost/solr.xml
Mar 10, 2017 9:28:15 PM org.apache.catalina.startup.SetContextPropertiesRule begin
WARNING: [SetContextPropertiesRule]{Context} Setting property 'debug' to '0' did not find a matching property.
Mar 10, 2017 9:28:16 PM org.apache.catalina.startup.TldConfig execute
INFO: At least one JAR was scanned for TLDs yet contained no TLDs. Enable debug logging for this logger for a complete list of JARs that were scanned but no TLDs were found in them. Skipping unneeded JARs during scanning can improve startup time and JSP compilation time.
Mar 10, 2017 9:28:17 PM org.apache.catalina.startup.HostConfig deployDescriptor
INFO: Deployment of configuration descriptor /Library/apache-tomcat-7.0.73/conf/Catalina/localhost/solr.xml has finished in 2,685 ms
Mar 10, 2017 9:28:17 PM org.apache.catalina.startup.HostConfig deployDirectory
INFO: Deploying web application directory /Library/apache-tomcat-7.0.73/webapps/docs
Mar 10, 2017 9:28:17 PM org.apache.catalina.startup.TldConfig execute
INFO: At least one JAR was scanned for TLDs yet contained no TLDs. Enable debug logging for this logger for a complete list of JARs that were scanned but no TLDs were found in them. Skipping unneeded JARs during scanning can improve startup time and JSP compilation time.
Mar 10, 2017 9:28:17 PM org.apache.catalina.startup.HostConfig deployDirectory
INFO: Deployment of web application directory /Library/apache-tomcat-7.0.73/webapps/docs has finished in 30 ms
Mar 10, 2017 9:28:17 PM org.apache.catalina.startup.HostConfig deployDirectory
INFO: Deploying web application directory /Library/apache-tomcat-7.0.73/webapps/examples
Mar 10, 2017 9:28:18 PM org.apache.catalina.startup.TldConfig execute
INFO: At least one JAR was scanned for TLDs yet contained no TLDs. Enable debug logging for this logger for a complete list of JARs that were scanned but no TLDs were found in them. Skipping unneeded JARs during scanning can improve startup time and JSP compilation time.
Mar 10, 2017 9:28:18 PM org.apache.catalina.startup.HostConfig deployDirectory
INFO: Deployment of web application directory /Library/apache-tomcat-7.0.73/webapps/examples has finished in 176 ms
Mar 10, 2017 9:28:18 PM org.apache.catalina.startup.HostConfig deployDirectory
INFO: Deploying web application directory /Library/apache-tomcat-7.0.73/webapps/host-manager
Mar 10, 2017 9:28:18 PM org.apache.catalina.startup.TldConfig execute
INFO: At least one JAR was scanned for TLDs yet contained no TLDs. Enable debug logging for this logger for a complete list of JARs that were scanned but no TLDs were found in them. Skipping unneeded JARs during scanning can improve startup time and JSP compilation time.
Mar 10, 2017 9:28:18 PM org.apache.catalina.startup.HostConfig deployDirectory
INFO: Deployment of web application directory /Library/apache-tomcat-7.0.73/webapps/host-manager has finished in 31 ms
Mar 10, 2017 9:28:18 PM org.apache.catalina.startup.HostConfig deployDirectory
INFO: Deploying web application directory /Library/apache-tomcat-7.0.73/webapps/manager
Mar 10, 2017 9:28:18 PM org.apache.catalina.startup.TldConfig execute
INFO: At least one JAR was scanned for TLDs yet contained no TLDs. Enable debug logging for this logger for a complete list of JARs that were scanned but no TLDs were found in them. Skipping unneeded JARs during scanning can improve startup time and JSP compilation time.
Mar 10, 2017 9:28:18 PM org.apache.catalina.startup.HostConfig deployDirectory
INFO: Deployment of web application directory /Library/apache-tomcat-7.0.73/webapps/manager has finished in 32 ms
Mar 10, 2017 9:28:18 PM org.apache.catalina.startup.HostConfig deployDirectory
INFO: Deploying web application directory /Library/apache-tomcat-7.0.73/webapps/ROOT
Mar 10, 2017 9:28:18 PM org.apache.catalina.startup.TldConfig execute
INFO: At least one JAR was scanned for TLDs yet contained no TLDs. Enable debug logging for this logger for a complete list of JARs that were scanned but no TLDs were found in them. Skipping unneeded JARs during scanning can improve startup time and JSP compilation time.
Mar 10, 2017 9:28:18 PM org.apache.catalina.startup.HostConfig deployDirectory
INFO: Deployment of web application directory /Library/apache-tomcat-7.0.73/webapps/ROOT has finished in 24 ms
Mar 10, 2017 9:28:18 PM org.apache.coyote.AbstractProtocol start
INFO: Starting ProtocolHandler ["http-bio-8080"]
Mar 10, 2017 9:28:18 PM org.apache.coyote.AbstractProtocol start
INFO: Starting ProtocolHandler ["ajp-bio-8009"]
Mar 10, 2017 9:28:18 PM org.apache.catalina.startup.Catalina start
INFO: Server startup in 5023 ms
Mar 10, 2017 9:49:26 PM org.apache.catalina.core.StandardServer await
INFO: A valid shutdown command was received via the shutdown port. Stopping the Server instance.
Mar 10, 2017 9:49:26 PM org.apache.coyote.AbstractProtocol pause
INFO: Pausing ProtocolHandler ["http-bio-8080"]
Mar 10, 2017 9:49:26 PM org.apache.coyote.AbstractProtocol pause
INFO: Pausing ProtocolHandler ["ajp-bio-8009"]
Mar 10, 2017 9:49:26 PM org.apache.catalina.core.StandardService stopInternal
INFO: Stopping service Catalina
Mar 10, 2017 9:49:26 PM org.apache.catalina.loader.WebappClassLoaderBase checkThreadLocalMapForLeaks
SEVERE: The web application [/solr] created a ThreadLocal with key of type [org.apache.solr.schema.DateField.ThreadLocalDateFormat] (value [org.apache.solr.schema.DateField$ThreadLocalDateFormat@7cd0e7f7]) and a value of type [org.apache.solr.schema.DateField.ISO8601CanonicalDateFormat] (value [org.apache.solr.schema.DateField$ISO8601CanonicalDateFormat@6b2ed43a]) but failed to remove it when the web application was stopped. Threads are going to be renewed over time to try and avoid a probable memory leak.
Mar 10, 2017 9:49:26 PM org.apache.catalina.loader.WebappClassLoaderBase checkThreadLocalMapForLeaks
SEVERE: The web application [/solr] created a ThreadLocal with key of type [org.apache.solr.schema.DateField.ThreadLocalDateFormat] (value [org.apache.solr.schema.DateField$ThreadLocalDateFormat@7cd0e7f7]) and a value of type [org.apache.solr.schema.DateField.ISO8601CanonicalDateFormat] (value [org.apache.solr.schema.DateField$ISO8601CanonicalDateFormat@6b2ed43a]) but failed to remove it when the web application was stopped. Threads are going to be renewed over time to try and avoid a probable memory leak.
Mar 10, 2017 9:49:26 PM org.apache.catalina.loader.WebappClassLoaderBase checkThreadLocalMapForLeaks
SEVERE: The web application [/solr] created a ThreadLocal with key of type [org.apache.solr.schema.DateField.ThreadLocalDateFormat] (value [org.apache.solr.schema.DateField$ThreadLocalDateFormat@7cd0e7f7]) and a value of type [org.apache.solr.schema.DateField.ISO8601CanonicalDateFormat] (value [org.apache.solr.schema.DateField$ISO8601CanonicalDateFormat@6b2ed43a]) but failed to remove it when the web application was stopped. Threads are going to be renewed over time to try and avoid a probable memory leak.
Mar 10, 2017 9:49:26 PM org.apache.catalina.loader.WebappClassLoaderBase checkThreadLocalMapForLeaks
SEVERE: The web application [/solr] created a ThreadLocal with key of type [org.apache.solr.schema.DateField.ThreadLocalDateFormat] (value [org.apache.solr.schema.DateField$ThreadLocalDateFormat@7cd0e7f7]) and a value of type [org.apache.solr.schema.DateField.ISO8601CanonicalDateFormat] (value [org.apache.solr.schema.DateField$ISO8601CanonicalDateFormat@6b2ed43a]) but failed to remove it when the web application was stopped. Threads are going to be renewed over time to try and avoid a probable memory leak.
Mar 10, 2017 9:49:26 PM org.apache.catalina.loader.WebappClassLoaderBase checkThreadLocalMapForLeaks
SEVERE: The web application [/solr] created a ThreadLocal with key of type [org.apache.solr.schema.DateField.ThreadLocalDateFormat] (value [org.apache.solr.schema.DateField$ThreadLocalDateFormat@7cd0e7f7]) and a value of type [org.apache.solr.schema.DateField.ISO8601CanonicalDateFormat] (value [org.apache.solr.schema.DateField$ISO8601CanonicalDateFormat@6b2ed43a]) but failed to remove it when the web application was stopped. Threads are going to be renewed over time to try and avoid a probable memory leak.
Mar 10, 2017 9:49:26 PM org.apache.catalina.loader.WebappClassLoaderBase checkThreadLocalMapForLeaks
SEVERE: The web application [/solr] created a ThreadLocal with key of type [org.apache.solr.schema.DateField.ThreadLocalDateFormat] (value [org.apache.solr.schema.DateField$ThreadLocalDateFormat@7cd0e7f7]) and a value of type [org.apache.solr.schema.DateField.ISO8601CanonicalDateFormat] (value [org.apache.solr.schema.DateField$ISO8601CanonicalDateFormat@6b2ed43a]) but failed to remove it when the web application was stopped. Threads are going to be renewed over time to try and avoid a probable memory leak.
Mar 10, 2017 9:49:26 PM org.apache.catalina.loader.WebappClassLoaderBase checkThreadLocalMapForLeaks
SEVERE: The web application [/solr] created a ThreadLocal with key of type [org.apache.solr.schema.DateField.ThreadLocalDateFormat] (value [org.apache.solr.schema.DateField$ThreadLocalDateFormat@7cd0e7f7]) and a value of type [org.apache.solr.schema.DateField.ISO8601CanonicalDateFormat] (value [org.apache.solr.schema.DateField$ISO8601CanonicalDateFormat@6b2ed43a]) but failed to remove it when the web application was stopped. Threads are going to be renewed over time to try and avoid a probable memory leak.
Mar 10, 2017 9:49:26 PM org.apache.coyote.AbstractProtocol stop
INFO: Stopping ProtocolHandler ["http-bio-8080"]
Mar 10, 2017 9:49:26 PM org.apache.coyote.AbstractProtocol stop
INFO: Stopping ProtocolHandler ["ajp-bio-8009"]
Mar 10, 2017 9:49:26 PM org.apache.coyote.AbstractProtocol destroy
INFO: Destroying ProtocolHandler ["http-bio-8080"]
Mar 10, 2017 9:49:26 PM org.apache.coyote.AbstractProtocol destroy
INFO: Destroying ProtocolHandler ["ajp-bio-8009"]
Mar 10, 2017 9:50:56 PM org.apache.catalina.startup.VersionLoggerListener log
INFO: Server version:        Apache Tomcat/7.0.73
Mar 10, 2017 9:50:56 PM org.apache.catalina.startup.VersionLoggerListener log
INFO: Server built:          Nov 7 2016 21:27:23 UTC
Mar 10, 2017 9:50:56 PM org.apache.catalina.startup.VersionLoggerListener log
INFO: Server number:         7.0.73.0
Mar 10, 2017 9:50:56 PM org.apache.catalina.startup.VersionLoggerListener log
INFO: OS Name:               Mac OS X
Mar 10, 2017 9:50:56 PM org.apache.catalina.startup.VersionLoggerListener log
INFO: OS Version:            10.12.3
Mar 10, 2017 9:50:56 PM org.apache.catalina.startup.VersionLoggerListener log
INFO: Architecture:          x86_64
Mar 10, 2017 9:50:56 PM org.apache.catalina.startup.VersionLoggerListener log
INFO: Java Home:             /Library/Java/JavaVirtualMachines/jdk1.7.0_60.jdk/Contents/Home/jre
Mar 10, 2017 9:50:56 PM org.apache.catalina.startup.VersionLoggerListener log
INFO: JVM Version:           1.7.0_60-b19
Mar 10, 2017 9:50:56 PM org.apache.catalina.startup.VersionLoggerListener log
INFO: JVM Vendor:            Oracle Corporation
Mar 10, 2017 9:50:56 PM org.apache.catalina.startup.VersionLoggerListener log
INFO: CATALINA_BASE:         /Library/apache-tomcat-7.0.73
Mar 10, 2017 9:50:56 PM org.apache.catalina.startup.VersionLoggerListener log
INFO: CATALINA_HOME:         /Library/apache-tomcat-7.0.73
Mar 10, 2017 9:50:56 PM org.apache.catalina.startup.VersionLoggerListener log
INFO: Command line argument: -Djava.util.logging.config.file=/Library/apache-tomcat-7.0.73/conf/logging.properties
Mar 10, 2017 9:50:56 PM org.apache.catalina.startup.VersionLoggerListener log
INFO: Command line argument: -Djava.util.logging.manager=org.apache.juli.ClassLoaderLogManager
Mar 10, 2017 9:50:56 PM org.apache.catalina.startup.VersionLoggerListener log
INFO: Command line argument: -Djdk.tls.ephemeralDHKeySize=2048
Mar 10, 2017 9:50:56 PM org.apache.catalina.startup.VersionLoggerListener log
INFO: Command line argument: -Djava.endorsed.dirs=/Library/apache-tomcat-7.0.73/endorsed
Mar 10, 2017 9:50:56 PM org.apache.catalina.startup.VersionLoggerListener log
INFO: Command line argument: -Dcatalina.base=/Library/apache-tomcat-7.0.73
Mar 10, 2017 9:50:56 PM org.apache.catalina.startup.VersionLoggerListener log
INFO: Command line argument: -Dcatalina.home=/Library/apache-tomcat-7.0.73
Mar 10, 2017 9:50:56 PM org.apache.catalina.startup.VersionLoggerListener log
INFO: Command line argument: -Djava.io.tmpdir=/Library/apache-tomcat-7.0.73/temp
Mar 10, 2017 9:50:56 PM org.apache.catalina.core.AprLifecycleListener lifecycleEvent
INFO: The APR based Apache Tomcat Native library which allows optimal performance in production environments was not found on the java.library.path: /Users/arthur/Library/Java/Extensions:/Library/Java/Extensions:/Network/Library/Java/Extensions:/System/Library/Java/Extensions:/usr/lib/java:.
Mar 10, 2017 9:50:57 PM org.apache.coyote.AbstractProtocol init
INFO: Initializing ProtocolHandler ["http-bio-8080"]
Mar 10, 2017 9:50:57 PM org.apache.coyote.AbstractProtocol init
INFO: Initializing ProtocolHandler ["ajp-bio-8009"]
Mar 10, 2017 9:50:57 PM org.apache.catalina.startup.Catalina load
INFO: Initialization processed in 479 ms
Mar 10, 2017 9:50:57 PM org.apache.catalina.core.StandardService startInternal
INFO: Starting service Catalina
Mar 10, 2017 9:50:57 PM org.apache.catalina.core.StandardEngine startInternal
INFO: Starting Servlet Engine: Apache Tomcat/7.0.73
Mar 10, 2017 9:50:57 PM org.apache.catalina.startup.HostConfig deployDescriptor
INFO: Deploying configuration descriptor /Library/apache-tomcat-7.0.73/conf/Catalina/localhost/solr-example.xml
Mar 10, 2017 9:50:57 PM org.apache.catalina.startup.SetContextPropertiesRule begin
WARNING: [SetContextPropertiesRule]{Context} Setting property 'debug' to '0' did not find a matching property.
Mar 10, 2017 9:50:58 PM org.apache.catalina.startup.TldConfig execute
INFO: At least one JAR was scanned for TLDs yet contained no TLDs. Enable debug logging for this logger for a complete list of JARs that were scanned but no TLDs were found in them. Skipping unneeded JARs during scanning can improve startup time and JSP compilation time.
Mar 10, 2017 9:50:59 PM org.apache.catalina.startup.HostConfig deployDescriptor
INFO: Deployment of configuration descriptor /Library/apache-tomcat-7.0.73/conf/Catalina/localhost/solr-example.xml has finished in 1,977 ms
Mar 10, 2017 9:50:59 PM org.apache.catalina.startup.HostConfig deployDescriptor
INFO: Deploying configuration descriptor /Library/apache-tomcat-7.0.73/conf/Catalina/localhost/solr.xml
Mar 10, 2017 9:50:59 PM org.apache.catalina.startup.SetContextPropertiesRule begin
WARNING: [SetContextPropertiesRule]{Context} Setting property 'debug' to '0' did not find a matching property.
Mar 10, 2017 9:51:00 PM org.apache.catalina.startup.TldConfig execute
INFO: At least one JAR was scanned for TLDs yet contained no TLDs. Enable debug logging for this logger for a complete list of JARs that were scanned but no TLDs were found in them. Skipping unneeded JARs during scanning can improve startup time and JSP compilation time.
Mar 10, 2017 9:51:01 PM org.apache.catalina.startup.HostConfig deployDescriptor
INFO: Deployment of configuration descriptor /Library/apache-tomcat-7.0.73/conf/Catalina/localhost/solr.xml has finished in 2,268 ms
Mar 10, 2017 9:51:01 PM org.apache.catalina.startup.HostConfig deployDirectory
INFO: Deploying web application directory /Library/apache-tomcat-7.0.73/webapps/docs
Mar 10, 2017 9:51:01 PM org.apache.catalina.startup.TldConfig execute
INFO: At least one JAR was scanned for TLDs yet contained no TLDs. Enable debug logging for this logger for a complete list of JARs that were scanned but no TLDs were found in them. Skipping unneeded JARs during scanning can improve startup time and JSP compilation time.
Mar 10, 2017 9:51:01 PM org.apache.catalina.startup.HostConfig deployDirectory
INFO: Deployment of web application directory /Library/apache-tomcat-7.0.73/webapps/docs has finished in 26 ms
Mar 10, 2017 9:51:01 PM org.apache.catalina.startup.HostConfig deployDirectory
INFO: Deploying web application directory /Library/apache-tomcat-7.0.73/webapps/examples
Mar 10, 2017 9:51:01 PM org.apache.catalina.startup.TldConfig execute
INFO: At least one JAR was scanned for TLDs yet contained no TLDs. Enable debug logging for this logger for a complete list of JARs that were scanned but no TLDs were found in them. Skipping unneeded JARs during scanning can improve startup time and JSP compilation time.
Mar 10, 2017 9:51:01 PM org.apache.catalina.startup.HostConfig deployDirectory
INFO: Deployment of web application directory /Library/apache-tomcat-7.0.73/webapps/examples has finished in 152 ms
Mar 10, 2017 9:51:01 PM org.apache.catalina.startup.HostConfig deployDirectory
INFO: Deploying web application directory /Library/apache-tomcat-7.0.73/webapps/host-manager
Mar 10, 2017 9:51:01 PM org.apache.catalina.startup.TldConfig execute
INFO: At least one JAR was scanned for TLDs yet contained no TLDs. Enable debug logging for this logger for a complete list of JARs that were scanned but no TLDs were found in them. Skipping unneeded JARs during scanning can improve startup time and JSP compilation time.
Mar 10, 2017 9:51:01 PM org.apache.catalina.startup.HostConfig deployDirectory
INFO: Deployment of web application directory /Library/apache-tomcat-7.0.73/webapps/host-manager has finished in 31 ms
Mar 10, 2017 9:51:01 PM org.apache.catalina.startup.HostConfig deployDirectory
INFO: Deploying web application directory /Library/apache-tomcat-7.0.73/webapps/manager
Mar 10, 2017 9:51:01 PM org.apache.catalina.startup.TldConfig execute
INFO: At least one JAR was scanned for TLDs yet contained no TLDs. Enable debug logging for this logger for a complete list of JARs that were scanned but no TLDs were found in them. Skipping unneeded JARs during scanning can improve startup time and JSP compilation time.
Mar 10, 2017 9:51:01 PM org.apache.catalina.startup.HostConfig deployDirectory
INFO: Deployment of web application directory /Library/apache-tomcat-7.0.73/webapps/manager has finished in 41 ms
Mar 10, 2017 9:51:01 PM org.apache.catalina.startup.HostConfig deployDirectory
INFO: Deploying web application directory /Library/apache-tomcat-7.0.73/webapps/ROOT
Mar 10, 2017 9:51:01 PM org.apache.catalina.startup.TldConfig execute
INFO: At least one JAR was scanned for TLDs yet contained no TLDs. Enable debug logging for this logger for a complete list of JARs that were scanned but no TLDs were found in them. Skipping unneeded JARs during scanning can improve startup time and JSP compilation time.
Mar 10, 2017 9:51:01 PM org.apache.catalina.startup.HostConfig deployDirectory
INFO: Deployment of web application directory /Library/apache-tomcat-7.0.73/webapps/ROOT has finished in 23 ms
Mar 10, 2017 9:51:01 PM org.apache.coyote.AbstractProtocol start
INFO: Starting ProtocolHandler ["http-bio-8080"]
Mar 10, 2017 9:51:01 PM org.apache.coyote.AbstractProtocol start
INFO: Starting ProtocolHandler ["ajp-bio-8009"]
Mar 10, 2017 9:51:01 PM org.apache.catalina.startup.Catalina start
INFO: Server startup in 4564 ms
