Mar 13, 2017 12:15:43 AM org.apache.catalina.core.ApplicationContext log
INFO: HTMLManager: list: Listing contexts for virtual host 'localhost'
Mar 13, 2017 12:56:06 AM org.apache.catalina.core.ApplicationContext log
INFO: HTMLManager: init: Associated with Deployer 'Catalina:type=Deployer,host=localhost'
Mar 13, 2017 12:56:06 AM org.apache.catalina.core.ApplicationContext log
INFO: HTMLManager: init: Global resources are available
Mar 13, 2017 12:56:06 AM org.apache.catalina.core.ApplicationContext log
INFO: HTMLManager: list: Listing contexts for virtual host 'localhost'
Mar 13, 2017 10:33:52 AM org.apache.catalina.core.ApplicationContext log
INFO: HTMLManager: list: Listing contexts for virtual host 'localhost'
Mar 13, 2017 10:43:13 AM org.apache.catalina.core.ApplicationContext log
INFO: HTMLManager: list: Listing contexts for virtual host 'localhost'
Mar 13, 2017 10:43:34 AM org.apache.catalina.core.ApplicationContext log
INFO: HTMLManager: list: Listing contexts for virtual host 'localhost'
Mar 13, 2017 10:44:12 AM org.apache.catalina.core.ApplicationContext log
INFO: HTMLManager: list: Listing contexts for virtual host 'localhost'
Mar 13, 2017 10:46:22 AM org.apache.catalina.core.ApplicationContext log
INFO: HTMLManager: list: Listing contexts for virtual host 'localhost'
Mar 13, 2017 10:47:14 AM org.apache.catalina.core.ApplicationContext log
INFO: HTMLManager: list: Listing contexts for virtual host 'localhost'
Mar 13, 2017 11:03:43 AM org.apache.catalina.core.ApplicationContext log
INFO: HTMLManager: list: Listing contexts for virtual host 'localhost'
Mar 13, 2017 11:22:11 AM org.apache.catalina.core.ApplicationContext log
INFO: HTMLManager: init: Associated with Deployer 'Catalina:type=Deployer,host=localhost'
Mar 13, 2017 11:22:11 AM org.apache.catalina.core.ApplicationContext log
INFO: HTMLManager: init: Global resources are available
Mar 13, 2017 11:22:11 AM org.apache.catalina.core.ApplicationContext log
INFO: HTMLManager: list: Listing contexts for virtual host 'localhost'
Mar 13, 2017 11:36:02 AM org.apache.catalina.core.ApplicationContext log
INFO: HTMLManager: init: Associated with Deployer 'Catalina:type=Deployer,host=localhost'
Mar 13, 2017 11:36:02 AM org.apache.catalina.core.ApplicationContext log
INFO: HTMLManager: init: Global resources are available
Mar 13, 2017 11:36:02 AM org.apache.catalina.core.ApplicationContext log
INFO: HTMLManager: list: Listing contexts for virtual host 'localhost'
Mar 13, 2017 11:37:35 AM org.apache.catalina.core.ApplicationContext log
INFO: HTMLManager: list: Listing contexts for virtual host 'localhost'
Mar 13, 2017 11:37:53 AM org.apache.catalina.core.ApplicationContext log
INFO: HTMLManager: list: Listing contexts for virtual host 'localhost'
Mar 13, 2017 11:37:56 AM org.apache.catalina.core.ApplicationContext log
INFO: HTMLManager: list: Listing contexts for virtual host 'localhost'
Mar 13, 2017 11:40:55 AM org.apache.catalina.core.ApplicationContext log
INFO: HTMLManager: init: Associated with Deployer 'Catalina:type=Deployer,host=localhost'
Mar 13, 2017 11:40:55 AM org.apache.catalina.core.ApplicationContext log
INFO: HTMLManager: init: Global resources are available
Mar 13, 2017 11:40:55 AM org.apache.catalina.core.ApplicationContext log
INFO: HTMLManager: list: Listing contexts for virtual host 'localhost'
Mar 13, 2017 1:09:10 PM org.apache.catalina.core.ApplicationContext log
INFO: HTMLManager: list: Listing contexts for virtual host 'localhost'
Mar 13, 2017 1:12:42 PM org.apache.catalina.core.ApplicationContext log
INFO: HTMLManager: init: Associated with Deployer 'Catalina:type=Deployer,host=localhost'
Mar 13, 2017 1:12:42 PM org.apache.catalina.core.ApplicationContext log
INFO: HTMLManager: init: Global resources are available
Mar 13, 2017 1:12:42 PM org.apache.catalina.core.ApplicationContext log
INFO: HTMLManager: list: Listing contexts for virtual host 'localhost'
Mar 13, 2017 1:15:59 PM org.apache.catalina.core.ApplicationContext log
INFO: HTMLManager: init: Associated with Deployer 'Catalina:type=Deployer,host=localhost'
Mar 13, 2017 1:15:59 PM org.apache.catalina.core.ApplicationContext log
INFO: HTMLManager: init: Global resources are available
Mar 13, 2017 1:15:59 PM org.apache.catalina.core.ApplicationContext log
INFO: HTMLManager: list: Listing contexts for virtual host 'localhost'
Mar 13, 2017 2:58:54 PM org.apache.catalina.core.ApplicationContext log
INFO: HTMLManager: init: Associated with Deployer 'Catalina:type=Deployer,host=localhost'
Mar 13, 2017 2:58:54 PM org.apache.catalina.core.ApplicationContext log
INFO: HTMLManager: init: Global resources are available
Mar 13, 2017 2:58:54 PM org.apache.catalina.core.ApplicationContext log
INFO: HTMLManager: list: Listing contexts for virtual host 'localhost'
Mar 13, 2017 3:22:20 PM org.apache.catalina.core.ApplicationContext log
INFO: HTMLManager: list: Listing contexts for virtual host 'localhost'
Mar 13, 2017 4:24:25 PM org.apache.catalina.core.ApplicationContext log
INFO: HTMLManager: list: Listing contexts for virtual host 'localhost'
Mar 13, 2017 7:12:06 PM org.apache.catalina.core.ApplicationContext log
INFO: HTMLManager: init: Associated with Deployer 'Catalina:type=Deployer,host=localhost'
Mar 13, 2017 7:12:06 PM org.apache.catalina.core.ApplicationContext log
INFO: HTMLManager: init: Global resources are available
Mar 13, 2017 7:12:06 PM org.apache.catalina.core.ApplicationContext log
INFO: HTMLManager: list: Listing contexts for virtual host 'localhost'
Mar 13, 2017 7:16:56 PM org.apache.catalina.core.ApplicationContext log
INFO: HTMLManager: init: Associated with Deployer 'Catalina:type=Deployer,host=localhost'
Mar 13, 2017 7:16:56 PM org.apache.catalina.core.ApplicationContext log
INFO: HTMLManager: init: Global resources are available
Mar 13, 2017 7:16:56 PM org.apache.catalina.core.ApplicationContext log
INFO: HTMLManager: list: Listing contexts for virtual host 'localhost'
Mar 13, 2017 10:05:17 PM org.apache.catalina.core.ApplicationContext log
INFO: HTMLManager: init: Associated with Deployer 'Catalina:type=Deployer,host=localhost'
Mar 13, 2017 10:05:17 PM org.apache.catalina.core.ApplicationContext log
INFO: HTMLManager: init: Global resources are available
Mar 13, 2017 10:05:17 PM org.apache.catalina.core.ApplicationContext log
INFO: HTMLManager: list: Listing contexts for virtual host 'localhost'
Mar 13, 2017 10:08:22 PM org.apache.catalina.core.ApplicationContext log
INFO: HTMLManager: list: Listing contexts for virtual host 'localhost'
Mar 13, 2017 10:09:14 PM org.apache.catalina.core.ApplicationContext log
INFO: HTMLManager: list: Listing contexts for virtual host 'localhost'
